2026-07-06 07:06:07,378 - INFO - Starting Phase 2: Download
2026-07-06 07:06:07,378 - INFO - Loaded 75 URLs from urls.json
2026-07-06 07:06:07,378 - INFO - Downloading: https://en.doc.boardgamearena.com/Anti-Stock -> C:\Users\mOCHU\CascadeProjects\bgastudio-docs\source-html\Anti-Stock.html
2026-07-06 07:06:08,790 - INFO - Successfully saved Anti-Stock to C:\Users\mOCHU\CascadeProjects\bgastudio-docs\source-html\Anti-Stock.html
2026-07-06 07:06:08,791 - INFO - Downloading: https://en.doc.boardgamearena.com/BGA_Code_Sharing -> C:\Users\mOCHU\CascadeProjects\bgastudio-docs\source-html\BGA_Code_Sharing.html
2026-07-06 07:06:10,057 - INFO - Successfully saved BGA Code Sharing to C:\Users\mOCHU\CascadeProjects\bgastudio-docs\source-html\BGA_Code_Sharing.html
2026-07-06 07:06:10,058 - INFO - Downloading: https://en.doc.boardgamearena.com/ChromeExtension -> C:\Users\mOCHU\CascadeProjects\bgastudio-docs\source-html\BGA_extension.html
2026-07-06 07:06:11,301 - INFO - Successfully saved BGA extension to C:\Users\mOCHU\CascadeProjects\bgastudio-docs\source-html\BGA_extension.html
2026-07-06 07:06:11,301 - INFO - Downloading: https://en.doc.boardgamearena.com/BGA_Game_licenses -> C:\Users\mOCHU\CascadeProjects\bgastudio-docs\source-html\BGA_Game_licenses.html
2026-07-06 07:06:12,408 - INFO - Successfully saved BGA Game licenses to C:\Users\mOCHU\CascadeProjects\bgastudio-docs\source-html\BGA_Game_licenses.html
2026-07-06 07:06:12,408 - INFO - Downloading: https://en.doc.boardgamearena.com/BGA_game_Lifecycle -> C:\Users\mOCHU\CascadeProjects\bgastudio-docs\source-html\BGA_game_Lifecycle.html
2026-07-06 07:06:13,439 - INFO - Successfully saved BGA game Lifecycle to C:\Users\mOCHU\CascadeProjects\bgastudio-docs\source-html\BGA_game_Lifecycle.html
2026-07-06 07:06:13,439 - INFO - Downloading: https://en.doc.boardgamearena.com/BGA_Studio_Cookbook -> C:\Users\mOCHU\CascadeProjects\bgastudio-docs\source-html\BGA_Studio_Cookbook.html
2026-07-06 07:06:14,965 - INFO - Successfully saved BGA Studio Cookbook to C:\Users\mOCHU\CascadeProjects\bgastudio-docs\source-html\BGA_Studio_Cookbook.html
2026-07-06 07:06:14,965 - INFO - Downloading: https://en.doc.boardgamearena.com/BGA_Studio_Guidelines -> C:\Users\mOCHU\CascadeProjects\bgastudio-docs\source-html\BGA_Studio_Guidelines.html
2026-07-06 07:06:16,164 - INFO - Successfully saved BGA Studio Guidelines to C:\Users\mOCHU\CascadeProjects\bgastudio-docs\source-html\BGA_Studio_Guidelines.html
2026-07-06 07:06:16,165 - INFO - Downloading: https://en.doc.boardgamearena.com/BGA_Studio_Migration_Guide -> C:\Users\mOCHU\CascadeProjects\bgastudio-docs\source-html\BGA_Studio_Migration_Guide.html
2026-07-06 07:06:17,471 - INFO - Successfully saved BGA Studio Migration Guide to C:\Users\mOCHU\CascadeProjects\bgastudio-docs\source-html\BGA_Studio_Migration_Guide.html
2026-07-06 07:06:17,472 - INFO - Downloading: https://en.doc.boardgamearena.com/BGA_Undo_policy -> C:\Users\mOCHU\CascadeProjects\bgastudio-docs\source-html\BGA_Undo_policy.html
2026-07-06 07:06:18,438 - INFO - Successfully saved BGA Undo policy to C:\Users\mOCHU\CascadeProjects\bgastudio-docs\source-html\BGA_Undo_policy.html
2026-07-06 07:06:18,438 - INFO - Downloading: https://en.doc.boardgamearena.com/BgaAnimations -> C:\Users\mOCHU\CascadeProjects\bgastudio-docs\source-html\BgaAnimations.html
2026-07-06 07:06:19,610 - INFO - Successfully saved BgaAnimations to C:\Users\mOCHU\CascadeProjects\bgastudio-docs\source-html\BgaAnimations.html
2026-07-06 07:06:19,611 - INFO - Downloading: https://en.doc.boardgamearena.com/BgaAutofit -> C:\Users\mOCHU\CascadeProjects\bgastudio-docs\source-html\BgaAutofit.html
2026-07-06 07:06:20,655 - INFO - Successfully saved BgaAutofit to C:\Users\mOCHU\CascadeProjects\bgastudio-docs\source-html\BgaAutofit.html
2026-07-06 07:06:20,655 - INFO - Downloading: https://en.doc.boardgamearena.com/BgaCards -> C:\Users\mOCHU\CascadeProjects\bgastudio-docs\source-html\BgaCards.html
2026-07-06 07:06:21,668 - INFO - Successfully saved BgaCards to C:\Users\mOCHU\CascadeProjects\bgastudio-docs\source-html\BgaCards.html
2026-07-06 07:06:21,668 - INFO - Downloading: https://en.doc.boardgamearena.com/BgaDice -> C:\Users\mOCHU\CascadeProjects\bgastudio-docs\source-html\BgaDice.html
2026-07-06 07:06:22,718 - INFO - Successfully saved BgaDice to C:\Users\mOCHU\CascadeProjects\bgastudio-docs\source-html\BgaDice.html
2026-07-06 07:06:22,719 - INFO - Downloading: https://en.doc.boardgamearena.com/BgaScoreSheet -> C:\Users\mOCHU\CascadeProjects\bgastudio-docs\source-html\BgaScoreSheet.html
2026-07-06 07:06:23,854 - INFO - Successfully saved BgaScoreSheet to C:\Users\mOCHU\CascadeProjects\bgastudio-docs\source-html\BgaScoreSheet.html
2026-07-06 07:06:23,855 - INFO - Downloading: https://en.doc.boardgamearena.com/Bots_and_Artificial_Intelligence -> C:\Users\mOCHU\CascadeProjects\bgastudio-docs\source-html\Bots_and_Artificial_Intelligence.html
2026-07-06 07:06:24,889 - INFO - Successfully saved Bots and Artificial Intelligence to C:\Users\mOCHU\CascadeProjects\bgastudio-docs\source-html\Bots_and_Artificial_Intelligence.html
2026-07-06 07:06:24,889 - INFO - Downloading: https://en.doc.boardgamearena.com/Common_board_game_elements_image_resources -> C:\Users\mOCHU\CascadeProjects\bgastudio-docs\source-html\Common_board_game_elements_image_resources.html
2026-07-06 07:06:26,011 - INFO - Successfully saved Common board game elements image resources to C:\Users\mOCHU\CascadeProjects\bgastudio-docs\source-html\Common_board_game_elements_image_resources.html
2026-07-06 07:06:26,011 - INFO - Downloading: https://en.doc.boardgamearena.com/Compatibility -> C:\Users\mOCHU\CascadeProjects\bgastudio-docs\source-html\Compatibility.html
2026-07-06 07:06:27,110 - INFO - Successfully saved Compatibility to C:\Users\mOCHU\CascadeProjects\bgastudio-docs\source-html\Compatibility.html
2026-07-06 07:06:27,111 - INFO - Downloading: https://en.doc.boardgamearena.com/Contact_BGA_Studio -> C:\Users\mOCHU\CascadeProjects\bgastudio-docs\source-html\Contact_BGA_Studio.html
2026-07-06 07:06:28,235 - INFO - Successfully saved Contact BGA Studio to C:\Users\mOCHU\CascadeProjects\bgastudio-docs\source-html\Contact_BGA_Studio.html
2026-07-06 07:06:28,236 - INFO - Downloading: https://en.doc.boardgamearena.com/Counter -> C:\Users\mOCHU\CascadeProjects\bgastudio-docs\source-html\Counter.html
2026-07-06 07:06:29,272 - INFO - Successfully saved Counter to C:\Users\mOCHU\CascadeProjects\bgastudio-docs\source-html\Counter.html
2026-07-06 07:06:29,272 - INFO - Downloading: https://en.doc.boardgamearena.com/Create_a_game_in_BGA_Studio:_Complete_Walkthrough -> C:\Users\mOCHU\CascadeProjects\bgastudio-docs\source-html\Create_a_game_in_BGA_Studio_Complete_Walkthrough.html
2026-07-06 07:06:30,537 - INFO - Successfully saved Create a game in BGA Studio: Complete Walkthrough to C:\Users\mOCHU\CascadeProjects\bgastudio-docs\source-html\Create_a_game_in_BGA_Studio_Complete_Walkthrough.html
2026-07-06 07:06:30,537 - INFO - Downloading: https://en.doc.boardgamearena.com/Deck -> C:\Users\mOCHU\CascadeProjects\bgastudio-docs\source-html\Deck.html
2026-07-06 07:06:31,785 - INFO - Successfully saved Deck to C:\Users\mOCHU\CascadeProjects\bgastudio-docs\source-html\Deck.html
2026-07-06 07:06:31,785 - INFO - Downloading: https://en.doc.boardgamearena.com/Draggable -> C:\Users\mOCHU\CascadeProjects\bgastudio-docs\source-html\Draggable.html
2026-07-06 07:06:32,759 - INFO - Successfully saved Draggable to C:\Users\mOCHU\CascadeProjects\bgastudio-docs\source-html\Draggable.html
2026-07-06 07:06:32,760 - INFO - Downloading: https://en.doc.boardgamearena.com/ExpandableSection -> C:\Users\mOCHU\CascadeProjects\bgastudio-docs\source-html\ExpandableSection.html
2026-07-06 07:06:33,829 - INFO - Successfully saved ExpandableSection to C:\Users\mOCHU\CascadeProjects\bgastudio-docs\source-html\ExpandableSection.html
2026-07-06 07:06:33,830 - INFO - Downloading: https://en.doc.boardgamearena.com/First_steps_with_BGA_Studio -> C:\Users\mOCHU\CascadeProjects\bgastudio-docs\source-html\First_steps_with_BGA_Studio.html
2026-07-06 07:06:34,770 - INFO - Successfully saved First steps with BGA Studio to C:\Users\mOCHU\CascadeProjects\bgastudio-docs\source-html\First_steps_with_BGA_Studio.html
2026-07-06 07:06:34,770 - INFO - Downloading: https://en.doc.boardgamearena.com/Game_art:_img_directory -> C:\Users\mOCHU\CascadeProjects\bgastudio-docs\source-html\Game_art_img_directory.html
2026-07-06 07:06:35,976 - INFO - Successfully saved Game art: img directory to C:\Users\mOCHU\CascadeProjects\bgastudio-docs\source-html\Game_art_img_directory.html
2026-07-06 07:06:35,976 - INFO - Downloading: https://en.doc.boardgamearena.com/Game_database_model:_dbmodel.sql -> C:\Users\mOCHU\CascadeProjects\bgastudio-docs\source-html\Game_database_model_dbmodel.sql.html
2026-07-06 07:06:37,119 - INFO - Successfully saved Game database model: dbmodel.sql to C:\Users\mOCHU\CascadeProjects\bgastudio-docs\source-html\Game_database_model_dbmodel.sql.html
2026-07-06 07:06:37,119 - INFO - Downloading: https://en.doc.boardgamearena.com/Game_fonts:_fonts_directory -> C:\Users\mOCHU\CascadeProjects\bgastudio-docs\source-html\Game_fonts_fonts_directory.html
2026-07-06 07:06:38,250 - INFO - Successfully saved Game fonts: fonts directory to C:\Users\mOCHU\CascadeProjects\bgastudio-docs\source-html\Game_fonts_fonts_directory.html
2026-07-06 07:06:38,250 - INFO - Downloading: https://en.doc.boardgamearena.com/Game_interface_logic:_Game.js -> C:\Users\mOCHU\CascadeProjects\bgastudio-docs\source-html\Game_interface_logic_Game.js.html
2026-07-06 07:06:39,882 - INFO - Successfully saved Game interface logic: Game.js to C:\Users\mOCHU\CascadeProjects\bgastudio-docs\source-html\Game_interface_logic_Game.js.html
2026-07-06 07:06:39,883 - INFO - Skipped download of 'Game interface logic: Game.js'; already exists at C:\Users\mOCHU\CascadeProjects\bgastudio-docs\source-html\Game_interface_logic_Game.js.html
2026-07-06 07:06:39,883 - INFO - Downloading: https://en.doc.boardgamearena.com/Game_interface_stylesheet:_yourgamename.css -> C:\Users\mOCHU\CascadeProjects\bgastudio-docs\source-html\Game_interface_stylesheet_yourgamename.css.html
2026-07-06 07:06:40,988 - INFO - Successfully saved Game interface stylesheet: yourgamename.css to C:\Users\mOCHU\CascadeProjects\bgastudio-docs\source-html\Game_interface_stylesheet_yourgamename.css.html
2026-07-06 07:06:40,989 - INFO - Downloading: https://en.doc.boardgamearena.com/Game_material_description:_material.inc.php -> C:\Users\mOCHU\CascadeProjects\bgastudio-docs\source-html\Game_material_description_material.inc.php.html
2026-07-06 07:06:42,137 - INFO - Successfully saved Game material description: material.inc.php to C:\Users\mOCHU\CascadeProjects\bgastudio-docs\source-html\Game_material_description_material.inc.php.html
2026-07-06 07:06:42,137 - INFO - Downloading: https://en.doc.boardgamearena.com/Game_meta-information:_gameinfos.jsonc -> C:\Users\mOCHU\CascadeProjects\bgastudio-docs\source-html\Game_meta-information_gameinfos.jsonc.html
2026-07-06 07:06:43,363 - INFO - Successfully saved Game meta-information: gameinfos.jsonc to C:\Users\mOCHU\CascadeProjects\bgastudio-docs\source-html\Game_meta-information_gameinfos.jsonc.html
2026-07-06 07:06:43,363 - INFO - Downloading: https://en.doc.boardgamearena.com/Game_metadata_manager -> C:\Users\mOCHU\CascadeProjects\bgastudio-docs\source-html\Game_metadata_manager.html
2026-07-06 07:06:44,515 - INFO - Successfully saved Game metadata manager to C:\Users\mOCHU\CascadeProjects\bgastudio-docs\source-html\Game_metadata_manager.html
2026-07-06 07:06:44,515 - INFO - Downloading: https://en.doc.boardgamearena.com/Game_options_and_preferences:_gameoptions.inc.php -> C:\Users\mOCHU\CascadeProjects\bgastudio-docs\source-html\Game_options_and_preferences_gameoptions.inc.php.html
2026-07-06 07:06:44,550 - INFO - Starting Phase 2: Download
2026-07-06 07:06:44,551 - INFO - Loaded 75 URLs from urls.json
2026-07-06 07:06:44,551 - INFO - Skipped download of 'Anti-Stock'; already exists at C:\Users\mOCHU\CascadeProjects\bgastudio-docs\source-html\Anti-Stock.html
2026-07-06 07:06:44,551 - INFO - Skipped download of 'BGA Code Sharing'; already exists at C:\Users\mOCHU\CascadeProjects\bgastudio-docs\source-html\BGA_Code_Sharing.html
2026-07-06 07:06:44,552 - INFO - Skipped download of 'BGA extension'; already exists at C:\Users\mOCHU\CascadeProjects\bgastudio-docs\source-html\BGA_extension.html
2026-07-06 07:06:44,552 - INFO - Skipped download of 'BGA Game licenses'; already exists at C:\Users\mOCHU\CascadeProjects\bgastudio-docs\source-html\BGA_Game_licenses.html
2026-07-06 07:06:44,552 - INFO - Skipped download of 'BGA game Lifecycle'; already exists at C:\Users\mOCHU\CascadeProjects\bgastudio-docs\source-html\BGA_game_Lifecycle.html
2026-07-06 07:06:44,552 - INFO - Skipped download of 'BGA Studio Cookbook'; already exists at C:\Users\mOCHU\CascadeProjects\bgastudio-docs\source-html\BGA_Studio_Cookbook.html
2026-07-06 07:06:44,552 - INFO - Skipped download of 'BGA Studio Guidelines'; already exists at C:\Users\mOCHU\CascadeProjects\bgastudio-docs\source-html\BGA_Studio_Guidelines.html
2026-07-06 07:06:44,553 - INFO - Skipped download of 'BGA Studio Migration Guide'; already exists at C:\Users\mOCHU\CascadeProjects\bgastudio-docs\source-html\BGA_Studio_Migration_Guide.html
2026-07-06 07:06:44,553 - INFO - Skipped download of 'BGA Undo policy'; already exists at C:\Users\mOCHU\CascadeProjects\bgastudio-docs\source-html\BGA_Undo_policy.html
2026-07-06 07:06:44,553 - INFO - Skipped download of 'BgaAnimations'; already exists at C:\Users\mOCHU\CascadeProjects\bgastudio-docs\source-html\BgaAnimations.html
2026-07-06 07:06:44,553 - INFO - Skipped download of 'BgaAutofit'; already exists at C:\Users\mOCHU\CascadeProjects\bgastudio-docs\source-html\BgaAutofit.html
2026-07-06 07:06:44,553 - INFO - Skipped download of 'BgaCards'; already exists at C:\Users\mOCHU\CascadeProjects\bgastudio-docs\source-html\BgaCards.html
2026-07-06 07:06:44,554 - INFO - Skipped download of 'BgaDice'; already exists at C:\Users\mOCHU\CascadeProjects\bgastudio-docs\source-html\BgaDice.html
2026-07-06 07:06:44,554 - INFO - Skipped download of 'BgaScoreSheet'; already exists at C:\Users\mOCHU\CascadeProjects\bgastudio-docs\source-html\BgaScoreSheet.html
2026-07-06 07:06:44,554 - INFO - Skipped download of 'Bots and Artificial Intelligence'; already exists at C:\Users\mOCHU\CascadeProjects\bgastudio-docs\source-html\Bots_and_Artificial_Intelligence.html
2026-07-06 07:06:44,554 - INFO - Skipped download of 'Common board game elements image resources'; already exists at C:\Users\mOCHU\CascadeProjects\bgastudio-docs\source-html\Common_board_game_elements_image_resources.html
2026-07-06 07:06:44,554 - INFO - Skipped download of 'Compatibility'; already exists at C:\Users\mOCHU\CascadeProjects\bgastudio-docs\source-html\Compatibility.html
2026-07-06 07:06:44,554 - INFO - Skipped download of 'Contact BGA Studio'; already exists at C:\Users\mOCHU\CascadeProjects\bgastudio-docs\source-html\Contact_BGA_Studio.html
2026-07-06 07:06:44,555 - INFO - Skipped download of 'Counter'; already exists at C:\Users\mOCHU\CascadeProjects\bgastudio-docs\source-html\Counter.html
2026-07-06 07:06:44,555 - INFO - Skipped download of 'Create a game in BGA Studio: Complete Walkthrough'; already exists at C:\Users\mOCHU\CascadeProjects\bgastudio-docs\source-html\Create_a_game_in_BGA_Studio_Complete_Walkthrough.html
2026-07-06 07:06:44,555 - INFO - Skipped download of 'Deck'; already exists at C:\Users\mOCHU\CascadeProjects\bgastudio-docs\source-html\Deck.html
2026-07-06 07:06:44,555 - INFO - Skipped download of 'Draggable'; already exists at C:\Users\mOCHU\CascadeProjects\bgastudio-docs\source-html\Draggable.html
2026-07-06 07:06:44,555 - INFO - Skipped download of 'ExpandableSection'; already exists at C:\Users\mOCHU\CascadeProjects\bgastudio-docs\source-html\ExpandableSection.html
2026-07-06 07:06:44,556 - INFO - Skipped download of 'First steps with BGA Studio'; already exists at C:\Users\mOCHU\CascadeProjects\bgastudio-docs\source-html\First_steps_with_BGA_Studio.html
2026-07-06 07:06:44,556 - INFO - Skipped download of 'Game art: img directory'; already exists at C:\Users\mOCHU\CascadeProjects\bgastudio-docs\source-html\Game_art_img_directory.html
2026-07-06 07:06:44,557 - INFO - Skipped download of 'Game database model: dbmodel.sql'; already exists at C:\Users\mOCHU\CascadeProjects\bgastudio-docs\source-html\Game_database_model_dbmodel.sql.html
2026-07-06 07:06:44,557 - INFO - Skipped download of 'Game fonts: fonts directory'; already exists at C:\Users\mOCHU\CascadeProjects\bgastudio-docs\source-html\Game_fonts_fonts_directory.html
2026-07-06 07:06:44,557 - INFO - Skipped download of 'Game interface logic: Game.js'; already exists at C:\Users\mOCHU\CascadeProjects\bgastudio-docs\source-html\Game_interface_logic_Game.js.html
2026-07-06 07:06:44,557 - INFO - Skipped download of 'Game interface logic: Game.js'; already exists at C:\Users\mOCHU\CascadeProjects\bgastudio-docs\source-html\Game_interface_logic_Game.js.html
2026-07-06 07:06:44,558 - INFO - Skipped download of 'Game interface stylesheet: yourgamename.css'; already exists at C:\Users\mOCHU\CascadeProjects\bgastudio-docs\source-html\Game_interface_stylesheet_yourgamename.css.html
2026-07-06 07:06:44,558 - INFO - Skipped download of 'Game material description: material.inc.php'; already exists at C:\Users\mOCHU\CascadeProjects\bgastudio-docs\source-html\Game_material_description_material.inc.php.html
2026-07-06 07:06:44,558 - INFO - Skipped download of 'Game meta-information: gameinfos.jsonc'; already exists at C:\Users\mOCHU\CascadeProjects\bgastudio-docs\source-html\Game_meta-information_gameinfos.jsonc.html
2026-07-06 07:06:44,558 - INFO - Skipped download of 'Game metadata manager'; already exists at C:\Users\mOCHU\CascadeProjects\bgastudio-docs\source-html\Game_metadata_manager.html
2026-07-06 07:06:44,558 - INFO - Downloading: https://en.doc.boardgamearena.com/Game_options_and_preferences:_gameoptions.inc.php -> C:\Users\mOCHU\CascadeProjects\bgastudio-docs\source-html\Game_options_and_preferences_gameoptions.inc.php.html
2026-07-06 07:06:45,743 - INFO - Successfully saved Game options and preferences: gameoptions.inc.php to C:\Users\mOCHU\CascadeProjects\bgastudio-docs\source-html\Game_options_and_preferences_gameoptions.inc.php.html
2026-07-06 07:06:45,743 - INFO - Downloading: https://en.doc.boardgamearena.com/Game_replay -> C:\Users\mOCHU\CascadeProjects\bgastudio-docs\source-html\Game_replay.html
2026-07-06 07:06:46,111 - INFO - Successfully saved Game options and preferences: gameoptions.inc.php to C:\Users\mOCHU\CascadeProjects\bgastudio-docs\source-html\Game_options_and_preferences_gameoptions.inc.php.html
2026-07-06 07:06:46,112 - INFO - Downloading: https://en.doc.boardgamearena.com/Game_replay -> C:\Users\mOCHU\CascadeProjects\bgastudio-docs\source-html\Game_replay.html
2026-07-06 07:06:46,853 - INFO - Successfully saved Game replay to C:\Users\mOCHU\CascadeProjects\bgastudio-docs\source-html\Game_replay.html
2026-07-06 07:06:46,853 - INFO - Downloading: https://en.doc.boardgamearena.com/Game_sounds:_sounds_directory -> C:\Users\mOCHU\CascadeProjects\bgastudio-docs\source-html\Game_sounds_sounds_directory.html
2026-07-06 07:06:47,090 - INFO - Successfully saved Game replay to C:\Users\mOCHU\CascadeProjects\bgastudio-docs\source-html\Game_replay.html
2026-07-06 07:06:47,090 - INFO - Downloading: https://en.doc.boardgamearena.com/Game_sounds:_sounds_directory -> C:\Users\mOCHU\CascadeProjects\bgastudio-docs\source-html\Game_sounds_sounds_directory.html
2026-07-06 07:06:47,762 - INFO - Successfully saved Game sounds: sounds directory to C:\Users\mOCHU\CascadeProjects\bgastudio-docs\source-html\Game_sounds_sounds_directory.html
2026-07-06 07:06:47,762 - INFO - Downloading: https://en.doc.boardgamearena.com/Game_statistics:_stats.json -> C:\Users\mOCHU\CascadeProjects\bgastudio-docs\source-html\Game_statistics_stats.json.html
2026-07-06 07:06:48,209 - INFO - Successfully saved Game sounds: sounds directory to C:\Users\mOCHU\CascadeProjects\bgastudio-docs\source-html\Game_sounds_sounds_directory.html
2026-07-06 07:06:48,209 - INFO - Downloading: https://en.doc.boardgamearena.com/Game_statistics:_stats.json -> C:\Users\mOCHU\CascadeProjects\bgastudio-docs\source-html\Game_statistics_stats.json.html
2026-07-06 07:06:48,969 - INFO - Successfully saved Game statistics: stats.json to C:\Users\mOCHU\CascadeProjects\bgastudio-docs\source-html\Game_statistics_stats.json.html
2026-07-06 07:06:48,969 - INFO - Skipped download of 'Game statistics: stats.json'; already exists at C:\Users\mOCHU\CascadeProjects\bgastudio-docs\source-html\Game_statistics_stats.json.html
2026-07-06 07:06:48,969 - INFO - Downloading: https://en.doc.boardgamearena.com/Help -> C:\Users\mOCHU\CascadeProjects\bgastudio-docs\source-html\Help.html
2026-07-06 07:06:49,246 - INFO - Successfully saved Game statistics: stats.json to C:\Users\mOCHU\CascadeProjects\bgastudio-docs\source-html\Game_statistics_stats.json.html
2026-07-06 07:06:49,246 - INFO - Skipped download of 'Game statistics: stats.json'; already exists at C:\Users\mOCHU\CascadeProjects\bgastudio-docs\source-html\Game_statistics_stats.json.html
2026-07-06 07:06:49,246 - INFO - Downloading: https://en.doc.boardgamearena.com/Help -> C:\Users\mOCHU\CascadeProjects\bgastudio-docs\source-html\Help.html
2026-07-06 07:06:50,569 - INFO - Successfully saved Help to C:\Users\mOCHU\CascadeProjects\bgastudio-docs\source-html\Help.html
2026-07-06 07:06:50,569 - INFO - Downloading: https://en.doc.boardgamearena.com/How_to_join_BGA_developer_team%3F -> C:\Users\mOCHU\CascadeProjects\bgastudio-docs\source-html\How_to_join_BGA_developer_team.html
2026-07-06 07:06:50,862 - INFO - Successfully saved Help to C:\Users\mOCHU\CascadeProjects\bgastudio-docs\source-html\Help.html
2026-07-06 07:06:50,862 - INFO - Downloading: https://en.doc.boardgamearena.com/How_to_join_BGA_developer_team%3F -> C:\Users\mOCHU\CascadeProjects\bgastudio-docs\source-html\How_to_join_BGA_developer_team.html
2026-07-06 07:06:51,650 - INFO - Successfully saved How to join BGA developer team? to C:\Users\mOCHU\CascadeProjects\bgastudio-docs\source-html\How_to_join_BGA_developer_team.html
2026-07-06 07:06:51,650 - INFO - Downloading: https://en.doc.boardgamearena.com/How_to_join_BGA_developer_team -> C:\Users\mOCHU\CascadeProjects\bgastudio-docs\source-html\https_en.doc.boardgamearena.com_How_to_join_BGA_developer_team.html
2026-07-06 07:06:51,937 - INFO - Successfully saved How to join BGA developer team? to C:\Users\mOCHU\CascadeProjects\bgastudio-docs\source-html\How_to_join_BGA_developer_team.html
2026-07-06 07:06:51,938 - INFO - Downloading: https://en.doc.boardgamearena.com/How_to_join_BGA_developer_team -> C:\Users\mOCHU\CascadeProjects\bgastudio-docs\source-html\https_en.doc.boardgamearena.com_How_to_join_BGA_developer_team.html
2026-07-06 07:06:52,699 - WARNING - Attempt 1/4 failed for https://en.doc.boardgamearena.com/How_to_join_BGA_developer_team with status 404
2026-07-06 07:06:52,944 - WARNING - Attempt 1/4 failed for https://en.doc.boardgamearena.com/How_to_join_BGA_developer_team with status 404
2026-07-06 07:06:54,723 - WARNING - Attempt 2/4 failed for https://en.doc.boardgamearena.com/How_to_join_BGA_developer_team with status 404
2026-07-06 07:06:54,926 - WARNING - Attempt 2/4 failed for https://en.doc.boardgamearena.com/How_to_join_BGA_developer_team with status 404
2026-07-06 07:06:56,603 - WARNING - Attempt 3/4 failed for https://en.doc.boardgamearena.com/How_to_join_BGA_developer_team with status 404
2026-07-06 07:06:56,831 - WARNING - Attempt 3/4 failed for https://en.doc.boardgamearena.com/How_to_join_BGA_developer_team with status 404
2026-07-06 07:06:58,483 - WARNING - Attempt 4/4 failed for https://en.doc.boardgamearena.com/How_to_join_BGA_developer_team with status 404
2026-07-06 07:06:58,483 - ERROR - Failed to download https://en.doc.boardgamearena.com/How_to_join_BGA_developer_team after 4 attempts
2026-07-06 07:06:58,483 - ERROR - Failed to download https://en.doc.boardgamearena.com/How_to_join_BGA_developer_team from https://en.doc.boardgamearena.com/How_to_join_BGA_developer_team
2026-07-06 07:06:58,483 - INFO - Downloading: https://en.doc.boardgamearena.com/index.php?title=Main_game_logic:_Game.php -> C:\Users\mOCHU\CascadeProjects\bgastudio-docs\source-html\https_en.doc.boardgamearena.com_index.php_title=Main_game_logic_Game.php#Game_statistics.html
2026-07-06 07:06:58,702 - WARNING - Attempt 4/4 failed for https://en.doc.boardgamearena.com/How_to_join_BGA_developer_team with status 404
2026-07-06 07:06:58,702 - ERROR - Failed to download https://en.doc.boardgamearena.com/How_to_join_BGA_developer_team after 4 attempts
2026-07-06 07:06:58,702 - ERROR - Failed to download https://en.doc.boardgamearena.com/How_to_join_BGA_developer_team from https://en.doc.boardgamearena.com/How_to_join_BGA_developer_team
2026-07-06 07:06:58,703 - INFO - Downloading: https://en.doc.boardgamearena.com/index.php?title=Main_game_logic:_Game.php -> C:\Users\mOCHU\CascadeProjects\bgastudio-docs\source-html\https_en.doc.boardgamearena.com_index.php_title=Main_game_logic_Game.php#Game_statistics.html
2026-07-06 07:07:00,194 - INFO - Successfully saved https://en.doc.boardgamearena.com/index.php?title=Main_game_logic:_Game.php#Game_statistics to C:\Users\mOCHU\CascadeProjects\bgastudio-docs\source-html\https_en.doc.boardgamearena.com_index.php_title=Main_game_logic_Game.php#Game_statistics.html
2026-07-06 07:07:00,195 - INFO - Downloading: https://en.doc.boardgamearena.com/Zombie_Mode -> C:\Users\mOCHU\CascadeProjects\bgastudio-docs\source-html\https_en.doc.boardgamearena.com_Zombie_Mode#The_different_Zombie_levels.html
2026-07-06 07:07:00,435 - INFO - Successfully saved https://en.doc.boardgamearena.com/index.php?title=Main_game_logic:_Game.php#Game_statistics to C:\Users\mOCHU\CascadeProjects\bgastudio-docs\source-html\https_en.doc.boardgamearena.com_index.php_title=Main_game_logic_Game.php#Game_statistics.html
2026-07-06 07:07:00,435 - INFO - Downloading: https://en.doc.boardgamearena.com/Zombie_Mode -> C:\Users\mOCHU\CascadeProjects\bgastudio-docs\source-html\https_en.doc.boardgamearena.com_Zombie_Mode#The_different_Zombie_levels.html
2026-07-06 07:07:01,333 - INFO - Successfully saved https://en.doc.boardgamearena.com/Zombie_Mode#The_different_Zombie_levels to C:\Users\mOCHU\CascadeProjects\bgastudio-docs\source-html\https_en.doc.boardgamearena.com_Zombie_Mode#The_different_Zombie_levels.html
2026-07-06 07:07:01,333 - INFO - Downloading: https://en.doc.boardgamearena.com/I_wish_I_knew_this_when_I_started -> C:\Users\mOCHU\CascadeProjects\bgastudio-docs\source-html\I_wish_I_knew_this_when_I_started.html
2026-07-06 07:07:01,437 - INFO - Successfully saved https://en.doc.boardgamearena.com/Zombie_Mode#The_different_Zombie_levels to C:\Users\mOCHU\CascadeProjects\bgastudio-docs\source-html\https_en.doc.boardgamearena.com_Zombie_Mode#The_different_Zombie_levels.html
2026-07-06 07:07:01,437 - INFO - Downloading: https://en.doc.boardgamearena.com/I_wish_I_knew_this_when_I_started -> C:\Users\mOCHU\CascadeProjects\bgastudio-docs\source-html\I_wish_I_knew_this_when_I_started.html
2026-07-06 07:07:02,322 - INFO - Successfully saved I wish I knew this when I started to C:\Users\mOCHU\CascadeProjects\bgastudio-docs\source-html\I_wish_I_knew_this_when_I_started.html
2026-07-06 07:07:02,322 - INFO - Downloading: https://en.doc.boardgamearena.com/Main_game_logic:_Game.php -> C:\Users\mOCHU\CascadeProjects\bgastudio-docs\source-html\Main_game_logic_Game.php.html
2026-07-06 07:07:02,343 - INFO - Successfully saved I wish I knew this when I started to C:\Users\mOCHU\CascadeProjects\bgastudio-docs\source-html\I_wish_I_knew_this_when_I_started.html
2026-07-06 07:07:02,343 - INFO - Downloading: https://en.doc.boardgamearena.com/Main_game_logic:_Game.php -> C:\Users\mOCHU\CascadeProjects\bgastudio-docs\source-html\Main_game_logic_Game.php.html
2026-07-06 07:07:03,782 - INFO - Successfully saved Main game logic: Game.php to C:\Users\mOCHU\CascadeProjects\bgastudio-docs\source-html\Main_game_logic_Game.php.html
2026-07-06 07:07:03,782 - INFO - Skipped download of 'Main game logic: Game.php'; already exists at C:\Users\mOCHU\CascadeProjects\bgastudio-docs\source-html\Main_game_logic_Game.php.html
2026-07-06 07:07:03,783 - INFO - Downloading: https://en.doc.boardgamearena.com/Options_and_preferences:_gameoptions.json,_gamepreferences.json -> C:\Users\mOCHU\CascadeProjects\bgastudio-docs\source-html\Options_and_preferences_gameoptions.json,_gamepreferences.json.html
2026-07-06 07:07:03,946 - INFO - Successfully saved Main game logic: Game.php to C:\Users\mOCHU\CascadeProjects\bgastudio-docs\source-html\Main_game_logic_Game.php.html
2026-07-06 07:07:03,946 - INFO - Skipped download of 'Main game logic: Game.php'; already exists at C:\Users\mOCHU\CascadeProjects\bgastudio-docs\source-html\Main_game_logic_Game.php.html
2026-07-06 07:07:03,947 - INFO - Downloading: https://en.doc.boardgamearena.com/Options_and_preferences:_gameoptions.json,_gamepreferences.json -> C:\Users\mOCHU\CascadeProjects\bgastudio-docs\source-html\Options_and_preferences_gameoptions.json,_gamepreferences.json.html
2026-07-06 07:07:05,044 - INFO - Successfully saved Options and preferences: gameoptions.json, gamepreferences.json to C:\Users\mOCHU\CascadeProjects\bgastudio-docs\source-html\Options_and_preferences_gameoptions.json,_gamepreferences.json.html
2026-07-06 07:07:05,044 - INFO - Downloading: https://en.doc.boardgamearena.com/PlayerCounter_and_TableCounter -> C:\Users\mOCHU\CascadeProjects\bgastudio-docs\source-html\PlayerCounter_and_TableCounter.html
2026-07-06 07:07:05,301 - INFO - Successfully saved Options and preferences: gameoptions.json, gamepreferences.json to C:\Users\mOCHU\CascadeProjects\bgastudio-docs\source-html\Options_and_preferences_gameoptions.json,_gamepreferences.json.html
2026-07-06 07:07:05,301 - INFO - Downloading: https://en.doc.boardgamearena.com/PlayerCounter_and_TableCounter -> C:\Users\mOCHU\CascadeProjects\bgastudio-docs\source-html\PlayerCounter_and_TableCounter.html
2026-07-06 07:07:06,020 - INFO - Successfully saved PlayerCounter and TableCounter to C:\Users\mOCHU\CascadeProjects\bgastudio-docs\source-html\PlayerCounter_and_TableCounter.html
2026-07-06 07:07:06,020 - INFO - Downloading: https://en.doc.boardgamearena.com/Players_actions:_yourgamename.action.php -> C:\Users\mOCHU\CascadeProjects\bgastudio-docs\source-html\Players_actions_yourgamename.action.php.html
2026-07-06 07:07:06,457 - INFO - Successfully saved PlayerCounter and TableCounter to C:\Users\mOCHU\CascadeProjects\bgastudio-docs\source-html\PlayerCounter_and_TableCounter.html
2026-07-06 07:07:06,457 - INFO - Downloading: https://en.doc.boardgamearena.com/Players_actions:_yourgamename.action.php -> C:\Users\mOCHU\CascadeProjects\bgastudio-docs\source-html\Players_actions_yourgamename.action.php.html
2026-07-06 07:07:07,181 - INFO - Successfully saved Players actions: yourgamename.action.php to C:\Users\mOCHU\CascadeProjects\bgastudio-docs\source-html\Players_actions_yourgamename.action.php.html
2026-07-06 07:07:07,181 - INFO - Downloading: https://en.doc.boardgamearena.com/Post-release_phase -> C:\Users\mOCHU\CascadeProjects\bgastudio-docs\source-html\Post-release_phase.html
2026-07-06 07:07:07,555 - INFO - Successfully saved Players actions: yourgamename.action.php to C:\Users\mOCHU\CascadeProjects\bgastudio-docs\source-html\Players_actions_yourgamename.action.php.html
2026-07-06 07:07:07,555 - INFO - Downloading: https://en.doc.boardgamearena.com/Post-release_phase -> C:\Users\mOCHU\CascadeProjects\bgastudio-docs\source-html\Post-release_phase.html
2026-07-06 07:07:08,246 - INFO - Successfully saved Post-release phase to C:\Users\mOCHU\CascadeProjects\bgastudio-docs\source-html\Post-release_phase.html
2026-07-06 07:07:08,246 - INFO - Downloading: https://en.doc.boardgamearena.com/Practical_debugging -> C:\Users\mOCHU\CascadeProjects\bgastudio-docs\source-html\Practical_debugging.html
2026-07-06 07:07:08,605 - INFO - Successfully saved Post-release phase to C:\Users\mOCHU\CascadeProjects\bgastudio-docs\source-html\Post-release_phase.html
2026-07-06 07:07:08,605 - INFO - Downloading: https://en.doc.boardgamearena.com/Practical_debugging -> C:\Users\mOCHU\CascadeProjects\bgastudio-docs\source-html\Practical_debugging.html
2026-07-06 07:07:09,497 - INFO - Successfully saved Practical debugging to C:\Users\mOCHU\CascadeProjects\bgastudio-docs\source-html\Practical_debugging.html
2026-07-06 07:07:09,497 - INFO - Downloading: https://en.doc.boardgamearena.com/Pre-release_checklist -> C:\Users\mOCHU\CascadeProjects\bgastudio-docs\source-html\Pre-release_checklist.html
2026-07-06 07:07:09,884 - INFO - Successfully saved Practical debugging to C:\Users\mOCHU\CascadeProjects\bgastudio-docs\source-html\Practical_debugging.html
2026-07-06 07:07:09,885 - INFO - Downloading: https://en.doc.boardgamearena.com/Pre-release_checklist -> C:\Users\mOCHU\CascadeProjects\bgastudio-docs\source-html\Pre-release_checklist.html
2026-07-06 07:07:10,690 - INFO - Successfully saved Pre-release checklist to C:\Users\mOCHU\CascadeProjects\bgastudio-docs\source-html\Pre-release_checklist.html
2026-07-06 07:07:10,690 - INFO - Downloading: https://en.doc.boardgamearena.com/Scrollmap -> C:\Users\mOCHU\CascadeProjects\bgastudio-docs\source-html\Scrollmap.html
2026-07-06 07:07:10,973 - INFO - Successfully saved Pre-release checklist to C:\Users\mOCHU\CascadeProjects\bgastudio-docs\source-html\Pre-release_checklist.html
2026-07-06 07:07:10,974 - INFO - Downloading: https://en.doc.boardgamearena.com/Scrollmap -> C:\Users\mOCHU\CascadeProjects\bgastudio-docs\source-html\Scrollmap.html
2026-07-06 07:07:11,792 - INFO - Successfully saved Scrollmap to C:\Users\mOCHU\CascadeProjects\bgastudio-docs\source-html\Scrollmap.html
2026-07-06 07:07:11,792 - INFO - Downloading: https://en.doc.boardgamearena.com/Setting_up_BGA_Development_environment_using_VSCode -> C:\Users\mOCHU\CascadeProjects\bgastudio-docs\source-html\Setting_up_BGA_Development_environment_using_VSCode.html
2026-07-06 07:07:12,150 - INFO - Successfully saved Scrollmap to C:\Users\mOCHU\CascadeProjects\bgastudio-docs\source-html\Scrollmap.html
2026-07-06 07:07:12,150 - INFO - Downloading: https://en.doc.boardgamearena.com/Setting_up_BGA_Development_environment_using_VSCode -> C:\Users\mOCHU\CascadeProjects\bgastudio-docs\source-html\Setting_up_BGA_Development_environment_using_VSCode.html
2026-07-06 07:07:12,824 - INFO - Successfully saved Setting up BGA Development environment using VSCode to C:\Users\mOCHU\CascadeProjects\bgastudio-docs\source-html\Setting_up_BGA_Development_environment_using_VSCode.html
2026-07-06 07:07:12,825 - INFO - Downloading: https://en.doc.boardgamearena.com/State_classes:_State_directory -> C:\Users\mOCHU\CascadeProjects\bgastudio-docs\source-html\State_classes_State_directory.html
2026-07-06 07:07:13,317 - INFO - Successfully saved Setting up BGA Development environment using VSCode to C:\Users\mOCHU\CascadeProjects\bgastudio-docs\source-html\Setting_up_BGA_Development_environment_using_VSCode.html
2026-07-06 07:07:13,318 - INFO - Downloading: https://en.doc.boardgamearena.com/State_classes:_State_directory -> C:\Users\mOCHU\CascadeProjects\bgastudio-docs\source-html\State_classes_State_directory.html
2026-07-06 07:07:14,166 - INFO - Successfully saved State classes: State directory to C:\Users\mOCHU\CascadeProjects\bgastudio-docs\source-html\State_classes_State_directory.html
2026-07-06 07:07:14,166 - INFO - Downloading: https://en.doc.boardgamearena.com/Stock -> C:\Users\mOCHU\CascadeProjects\bgastudio-docs\source-html\Stock.html
2026-07-06 07:07:14,565 - INFO - Successfully saved State classes: State directory to C:\Users\mOCHU\CascadeProjects\bgastudio-docs\source-html\State_classes_State_directory.html
2026-07-06 07:07:14,565 - INFO - Downloading: https://en.doc.boardgamearena.com/Stock -> C:\Users\mOCHU\CascadeProjects\bgastudio-docs\source-html\Stock.html
2026-07-06 07:07:15,431 - INFO - Successfully saved Stock to C:\Users\mOCHU\CascadeProjects\bgastudio-docs\source-html\Stock.html
2026-07-06 07:07:15,431 - INFO - Downloading: https://en.doc.boardgamearena.com/Studio -> C:\Users\mOCHU\CascadeProjects\bgastudio-docs\source-html\Studio.html
2026-07-06 07:07:15,806 - INFO - Successfully saved Stock to C:\Users\mOCHU\CascadeProjects\bgastudio-docs\source-html\Stock.html
2026-07-06 07:07:15,806 - INFO - Downloading: https://en.doc.boardgamearena.com/Studio -> C:\Users\mOCHU\CascadeProjects\bgastudio-docs\source-html\Studio.html
2026-07-06 07:07:16,497 - INFO - Successfully saved Studio to C:\Users\mOCHU\CascadeProjects\bgastudio-docs\source-html\Studio.html
2026-07-06 07:07:16,497 - INFO - Downloading: https://en.doc.boardgamearena.com/Studio_FAQ -> C:\Users\mOCHU\CascadeProjects\bgastudio-docs\source-html\Studio_FAQ.html
2026-07-06 07:07:16,877 - INFO - Successfully saved Studio to C:\Users\mOCHU\CascadeProjects\bgastudio-docs\source-html\Studio.html
2026-07-06 07:07:16,877 - INFO - Downloading: https://en.doc.boardgamearena.com/Studio_FAQ -> C:\Users\mOCHU\CascadeProjects\bgastudio-docs\source-html\Studio_FAQ.html
2026-07-06 07:07:17,618 - INFO - Successfully saved Studio FAQ to C:\Users\mOCHU\CascadeProjects\bgastudio-docs\source-html\Studio_FAQ.html
2026-07-06 07:07:17,618 - INFO - Downloading: https://en.doc.boardgamearena.com/Studio_file_reference -> C:\Users\mOCHU\CascadeProjects\bgastudio-docs\source-html\Studio_file_reference.html
2026-07-06 07:07:17,889 - INFO - Successfully saved Studio FAQ to C:\Users\mOCHU\CascadeProjects\bgastudio-docs\source-html\Studio_FAQ.html
2026-07-06 07:07:17,890 - INFO - Downloading: https://en.doc.boardgamearena.com/Studio_file_reference -> C:\Users\mOCHU\CascadeProjects\bgastudio-docs\source-html\Studio_file_reference.html
2026-07-06 07:07:18,577 - INFO - Successfully saved Studio file reference to C:\Users\mOCHU\CascadeProjects\bgastudio-docs\source-html\Studio_file_reference.html
2026-07-06 07:07:18,577 - INFO - Downloading: https://en.doc.boardgamearena.com/Studio_logs -> C:\Users\mOCHU\CascadeProjects\bgastudio-docs\source-html\Studio_logs.html
2026-07-06 07:07:18,987 - INFO - Successfully saved Studio file reference to C:\Users\mOCHU\CascadeProjects\bgastudio-docs\source-html\Studio_file_reference.html
2026-07-06 07:07:18,987 - INFO - Downloading: https://en.doc.boardgamearena.com/Studio_logs -> C:\Users\mOCHU\CascadeProjects\bgastudio-docs\source-html\Studio_logs.html
2026-07-06 07:07:19,873 - INFO - Successfully saved Studio logs to C:\Users\mOCHU\CascadeProjects\bgastudio-docs\source-html\Studio_logs.html
2026-07-06 07:07:19,874 - INFO - Skipped download of 'Studio logs'; already exists at C:\Users\mOCHU\CascadeProjects\bgastudio-docs\source-html\Studio_logs.html
2026-07-06 07:07:19,874 - INFO - Downloading: https://en.doc.boardgamearena.com/Testing_by_developer -> C:\Users\mOCHU\CascadeProjects\bgastudio-docs\source-html\Testing_by_developer.html
2026-07-06 07:07:20,103 - INFO - Successfully saved Studio logs to C:\Users\mOCHU\CascadeProjects\bgastudio-docs\source-html\Studio_logs.html
2026-07-06 07:07:20,103 - INFO - Skipped download of 'Studio logs'; already exists at C:\Users\mOCHU\CascadeProjects\bgastudio-docs\source-html\Studio_logs.html
2026-07-06 07:07:20,103 - INFO - Downloading: https://en.doc.boardgamearena.com/Testing_by_developer -> C:\Users\mOCHU\CascadeProjects\bgastudio-docs\source-html\Testing_by_developer.html
2026-07-06 07:07:20,911 - INFO - Successfully saved Testing by developer to C:\Users\mOCHU\CascadeProjects\bgastudio-docs\source-html\Testing_by_developer.html
2026-07-06 07:07:20,911 - INFO - Downloading: https://en.doc.boardgamearena.com/Tools_and_tips_of_BGA_Studio -> C:\Users\mOCHU\CascadeProjects\bgastudio-docs\source-html\Tools_and_tips_of_BGA_Studio.html
2026-07-06 07:07:21,178 - INFO - Successfully saved Testing by developer to C:\Users\mOCHU\CascadeProjects\bgastudio-docs\source-html\Testing_by_developer.html
2026-07-06 07:07:21,179 - INFO - Downloading: https://en.doc.boardgamearena.com/Tools_and_tips_of_BGA_Studio -> C:\Users\mOCHU\CascadeProjects\bgastudio-docs\source-html\Tools_and_tips_of_BGA_Studio.html
2026-07-06 07:07:22,179 - INFO - Successfully saved Tools and tips of BGA Studio to C:\Users\mOCHU\CascadeProjects\bgastudio-docs\source-html\Tools_and_tips_of_BGA_Studio.html
2026-07-06 07:07:22,179 - INFO - Downloading: https://en.doc.boardgamearena.com/Translations -> C:\Users\mOCHU\CascadeProjects\bgastudio-docs\source-html\Translations.html
2026-07-06 07:07:22,331 - INFO - Successfully saved Tools and tips of BGA Studio to C:\Users\mOCHU\CascadeProjects\bgastudio-docs\source-html\Tools_and_tips_of_BGA_Studio.html
2026-07-06 07:07:22,331 - INFO - Downloading: https://en.doc.boardgamearena.com/Translations -> C:\Users\mOCHU\CascadeProjects\bgastudio-docs\source-html\Translations.html
2026-07-06 07:07:23,441 - INFO - Successfully saved Translations to C:\Users\mOCHU\CascadeProjects\bgastudio-docs\source-html\Translations.html
2026-07-06 07:07:23,441 - INFO - Downloading: https://en.doc.boardgamearena.com/Troubleshooting -> C:\Users\mOCHU\CascadeProjects\bgastudio-docs\source-html\Troubleshooting.html
2026-07-06 07:07:23,596 - INFO - Successfully saved Translations to C:\Users\mOCHU\CascadeProjects\bgastudio-docs\source-html\Translations.html
2026-07-06 07:07:23,596 - INFO - Downloading: https://en.doc.boardgamearena.com/Troubleshooting -> C:\Users\mOCHU\CascadeProjects\bgastudio-docs\source-html\Troubleshooting.html
2026-07-06 07:07:24,808 - INFO - Successfully saved Troubleshooting to C:\Users\mOCHU\CascadeProjects\bgastudio-docs\source-html\Troubleshooting.html
2026-07-06 07:07:24,808 - INFO - Downloading: https://en.doc.boardgamearena.com/Tutorial_hearts -> C:\Users\mOCHU\CascadeProjects\bgastudio-docs\source-html\Tutorial_hearts.html
2026-07-06 07:07:24,929 - INFO - Successfully saved Troubleshooting to C:\Users\mOCHU\CascadeProjects\bgastudio-docs\source-html\Troubleshooting.html
2026-07-06 07:07:24,930 - INFO - Downloading: https://en.doc.boardgamearena.com/Tutorial_hearts -> C:\Users\mOCHU\CascadeProjects\bgastudio-docs\source-html\Tutorial_hearts.html
2026-07-06 07:07:26,144 - INFO - Successfully saved Tutorial hearts to C:\Users\mOCHU\CascadeProjects\bgastudio-docs\source-html\Tutorial_hearts.html
2026-07-06 07:07:26,144 - INFO - Downloading: https://en.doc.boardgamearena.com/Tutorial_reversi -> C:\Users\mOCHU\CascadeProjects\bgastudio-docs\source-html\Tutorial_reversi.html
2026-07-06 07:07:26,390 - INFO - Successfully saved Tutorial hearts to C:\Users\mOCHU\CascadeProjects\bgastudio-docs\source-html\Tutorial_hearts.html
2026-07-06 07:07:26,390 - INFO - Downloading: https://en.doc.boardgamearena.com/Tutorial_reversi -> C:\Users\mOCHU\CascadeProjects\bgastudio-docs\source-html\Tutorial_reversi.html
2026-07-06 07:07:27,319 - INFO - Successfully saved Tutorial reversi to C:\Users\mOCHU\CascadeProjects\bgastudio-docs\source-html\Tutorial_reversi.html
2026-07-06 07:07:27,320 - INFO - Downloading: https://en.doc.boardgamearena.com/Tutorials_checklist -> C:\Users\mOCHU\CascadeProjects\bgastudio-docs\source-html\Tutorials_checklist.html
2026-07-06 07:07:27,779 - INFO - Successfully saved Tutorial reversi to C:\Users\mOCHU\CascadeProjects\bgastudio-docs\source-html\Tutorial_reversi.html
2026-07-06 07:07:27,780 - INFO - Downloading: https://en.doc.boardgamearena.com/Tutorials_checklist -> C:\Users\mOCHU\CascadeProjects\bgastudio-docs\source-html\Tutorials_checklist.html
2026-07-06 07:07:28,408 - INFO - Successfully saved Tutorials checklist to C:\Users\mOCHU\CascadeProjects\bgastudio-docs\source-html\Tutorials_checklist.html
2026-07-06 07:07:28,408 - INFO - Downloading: https://en.doc.boardgamearena.com/Using_AI_for_BGA_game_development -> C:\Users\mOCHU\CascadeProjects\bgastudio-docs\source-html\Using_AI_for_BGA_game_development.html
2026-07-06 07:07:28,858 - INFO - Successfully saved Tutorials checklist to C:\Users\mOCHU\CascadeProjects\bgastudio-docs\source-html\Tutorials_checklist.html
2026-07-06 07:07:28,858 - INFO - Downloading: https://en.doc.boardgamearena.com/Using_AI_for_BGA_game_development -> C:\Users\mOCHU\CascadeProjects\bgastudio-docs\source-html\Using_AI_for_BGA_game_development.html
2026-07-06 07:07:29,394 - INFO - Successfully saved Using AI for BGA game development to C:\Users\mOCHU\CascadeProjects\bgastudio-docs\source-html\Using_AI_for_BGA_game_development.html
2026-07-06 07:07:29,394 - INFO - Downloading: https://en.doc.boardgamearena.com/Using_Typescript_and_Scss -> C:\Users\mOCHU\CascadeProjects\bgastudio-docs\source-html\Using_Typescript_and_Scss.html
2026-07-06 07:07:29,827 - INFO - Successfully saved Using AI for BGA game development to C:\Users\mOCHU\CascadeProjects\bgastudio-docs\source-html\Using_AI_for_BGA_game_development.html
2026-07-06 07:07:29,827 - INFO - Downloading: https://en.doc.boardgamearena.com/Using_Typescript_and_Scss -> C:\Users\mOCHU\CascadeProjects\bgastudio-docs\source-html\Using_Typescript_and_Scss.html
2026-07-06 07:07:30,545 - INFO - Successfully saved Using Typescript and Scss to C:\Users\mOCHU\CascadeProjects\bgastudio-docs\source-html\Using_Typescript_and_Scss.html
2026-07-06 07:07:30,545 - INFO - Downloading: https://en.doc.boardgamearena.com/Using_Vue -> C:\Users\mOCHU\CascadeProjects\bgastudio-docs\source-html\Using_Vue.html
2026-07-06 07:07:30,976 - INFO - Successfully saved Using Typescript and Scss to C:\Users\mOCHU\CascadeProjects\bgastudio-docs\source-html\Using_Typescript_and_Scss.html
2026-07-06 07:07:30,976 - INFO - Downloading: https://en.doc.boardgamearena.com/Using_Vue -> C:\Users\mOCHU\CascadeProjects\bgastudio-docs\source-html\Using_Vue.html
2026-07-06 07:07:31,555 - INFO - Successfully saved Using Vue to C:\Users\mOCHU\CascadeProjects\bgastudio-docs\source-html\Using_Vue.html
2026-07-06 07:07:31,555 - INFO - Downloading: https://en.doc.boardgamearena.com/Wiki_formatting -> C:\Users\mOCHU\CascadeProjects\bgastudio-docs\source-html\Wiki_formatting.html
2026-07-06 07:07:31,985 - INFO - Successfully saved Using Vue to C:\Users\mOCHU\CascadeProjects\bgastudio-docs\source-html\Using_Vue.html
2026-07-06 07:07:31,985 - INFO - Downloading: https://en.doc.boardgamearena.com/Wiki_formatting -> C:\Users\mOCHU\CascadeProjects\bgastudio-docs\source-html\Wiki_formatting.html
2026-07-06 07:07:33,812 - INFO - Successfully saved Wiki formatting to C:\Users\mOCHU\CascadeProjects\bgastudio-docs\source-html\Wiki_formatting.html
2026-07-06 07:07:33,812 - INFO - Downloading: https://en.doc.boardgamearena.com/Your_game_mobile_version -> C:\Users\mOCHU\CascadeProjects\bgastudio-docs\source-html\Your_game_mobile_version.html
2026-07-06 07:07:33,879 - INFO - Successfully saved Wiki formatting to C:\Users\mOCHU\CascadeProjects\bgastudio-docs\source-html\Wiki_formatting.html
2026-07-06 07:07:33,879 - INFO - Downloading: https://en.doc.boardgamearena.com/Your_game_mobile_version -> C:\Users\mOCHU\CascadeProjects\bgastudio-docs\source-html\Your_game_mobile_version.html
2026-07-06 07:07:34,740 - INFO - Successfully saved Your game mobile version to C:\Users\mOCHU\CascadeProjects\bgastudio-docs\source-html\Your_game_mobile_version.html
2026-07-06 07:07:34,740 - INFO - Downloading: https://en.doc.boardgamearena.com/Your_game_state_machine:_states.inc.php -> C:\Users\mOCHU\CascadeProjects\bgastudio-docs\source-html\Your_game_state_machine_states.inc.php.html
2026-07-06 07:07:35,135 - INFO - Successfully saved Your game mobile version to C:\Users\mOCHU\CascadeProjects\bgastudio-docs\source-html\Your_game_mobile_version.html
2026-07-06 07:07:35,136 - INFO - Downloading: https://en.doc.boardgamearena.com/Your_game_state_machine:_states.inc.php -> C:\Users\mOCHU\CascadeProjects\bgastudio-docs\source-html\Your_game_state_machine_states.inc.php.html
2026-07-06 07:07:36,230 - INFO - Successfully saved Your game state machine: states.inc.php to C:\Users\mOCHU\CascadeProjects\bgastudio-docs\source-html\Your_game_state_machine_states.inc.php.html
2026-07-06 07:07:36,230 - INFO - Downloading: https://en.doc.boardgamearena.com/Zone -> C:\Users\mOCHU\CascadeProjects\bgastudio-docs\source-html\Zone.html
2026-07-06 07:07:36,334 - INFO - Successfully saved Your game state machine: states.inc.php to C:\Users\mOCHU\CascadeProjects\bgastudio-docs\source-html\Your_game_state_machine_states.inc.php.html
2026-07-06 07:07:36,334 - INFO - Downloading: https://en.doc.boardgamearena.com/Zone -> C:\Users\mOCHU\CascadeProjects\bgastudio-docs\source-html\Zone.html
2026-07-06 07:07:37,312 - INFO - Successfully saved Zone to C:\Users\mOCHU\CascadeProjects\bgastudio-docs\source-html\Zone.html
2026-07-06 07:07:37,313 - INFO - Saved 74 entries to index.json
2026-07-06 07:07:37,313 - INFO - === Download Summary ===
2026-07-06 07:07:37,314 - INFO - Downloaded (Successfully Fetched): 70
2026-07-06 07:07:37,314 - INFO - Skipped (Already downloaded): 4
2026-07-06 07:07:37,314 - INFO - Retries: 3
2026-07-06 07:07:37,314 - INFO - Errors (Failures): 2
2026-07-06 07:07:37,314 - INFO - Elapsed time: 89.94 seconds
2026-07-06 07:07:37,391 - INFO - Successfully saved Zone to C:\Users\mOCHU\CascadeProjects\bgastudio-docs\source-html\Zone.html
2026-07-06 07:07:37,393 - INFO - Saved 74 entries to index.json
2026-07-06 07:07:37,393 - INFO - === Download Summary ===
2026-07-06 07:07:37,393 - INFO - Downloaded (Successfully Fetched): 38
2026-07-06 07:07:37,393 - INFO - Skipped (Already downloaded): 36
2026-07-06 07:07:37,394 - INFO - Retries: 3
2026-07-06 07:07:37,394 - INFO - Errors (Failures): 2
2026-07-06 07:07:37,394 - INFO - Elapsed time: 52.84 seconds
{"timestamp": "2026-07-06T04:25:06.062113+00:00", "level": "INFO", "message": "Starting download phase"}
{"timestamp": "2026-07-06T04:25:07.413941+00:00", "level": "INFO", "message": "Downloaded file: Anti-Stock", "title": "Anti-Stock", "canonical_url": "https://en.doc.boardgamearena.com/Anti-Stock", "depth": 1, "status": "downloaded", "elapsed": 1.351815938949585}
{"timestamp": "2026-07-06T04:25:07.414222+00:00", "level": "INFO", "message": "Metadata written: Anti-Stock.meta.json", "title": "Anti-Stock", "canonical_url": "https://en.doc.boardgamearena.com/Anti-Stock", "depth": 1, "status": "metadata_written", "elapsed": 1.3521206378936768}
{"timestamp": "2026-07-06T04:25:08.555943+00:00", "level": "INFO", "message": "Downloaded file: BGA Code Sharing", "title": "BGA Code Sharing", "canonical_url": "https://en.doc.boardgamearena.com/BGA_Code_Sharing", "depth": 1, "status": "downloaded", "elapsed": 2.4938316345214844}
{"timestamp": "2026-07-06T04:25:08.556135+00:00", "level": "INFO", "message": "Metadata written: BGA_Code_Sharing.meta.json", "title": "BGA Code Sharing", "canonical_url": "https://en.doc.boardgamearena.com/BGA_Code_Sharing", "depth": 1, "status": "metadata_written", "elapsed": 2.4940364360809326}
{"timestamp": "2026-07-06T04:25:09.747899+00:00", "level": "INFO", "message": "Downloaded file: BGA Game licenses", "title": "BGA Game licenses", "canonical_url": "https://en.doc.boardgamearena.com/BGA_Game_licenses", "depth": 1, "status": "downloaded", "elapsed": 3.685783624649048}
{"timestamp": "2026-07-06T04:25:09.748153+00:00", "level": "INFO", "message": "Metadata written: BGA_Game_licenses.meta.json", "title": "BGA Game licenses", "canonical_url": "https://en.doc.boardgamearena.com/BGA_Game_licenses", "depth": 1, "status": "metadata_written", "elapsed": 3.6860527992248535}
{"timestamp": "2026-07-06T04:25:10.931978+00:00", "level": "INFO", "message": "Downloaded file: BGA game Lifecycle", "title": "BGA game Lifecycle", "canonical_url": "https://en.doc.boardgamearena.com/BGA_game_Lifecycle", "depth": 1, "status": "downloaded", "elapsed": 4.869861125946045}
{"timestamp": "2026-07-06T04:25:10.932235+00:00", "level": "INFO", "message": "Metadata written: BGA_game_Lifecycle.meta.json", "title": "BGA game Lifecycle", "canonical_url": "https://en.doc.boardgamearena.com/BGA_game_Lifecycle", "depth": 1, "status": "metadata_written", "elapsed": 4.870133876800537}
{"timestamp": "2026-07-06T04:25:12.613239+00:00", "level": "INFO", "message": "Downloaded file: BGA Studio Cookbook", "title": "BGA Studio Cookbook", "canonical_url": "https://en.doc.boardgamearena.com/BGA_Studio_Cookbook", "depth": 1, "status": "downloaded", "elapsed": 6.55112361907959}
{"timestamp": "2026-07-06T04:25:12.613469+00:00", "level": "INFO", "message": "Metadata written: BGA_Studio_Cookbook.meta.json", "title": "BGA Studio Cookbook", "canonical_url": "https://en.doc.boardgamearena.com/BGA_Studio_Cookbook", "depth": 1, "status": "metadata_written", "elapsed": 6.551367998123169}
{"timestamp": "2026-07-06T04:25:13.777370+00:00", "level": "INFO", "message": "Downloaded file: BGA Studio Guidelines", "title": "BGA Studio Guidelines", "canonical_url": "https://en.doc.boardgamearena.com/BGA_Studio_Guidelines", "depth": 1, "status": "downloaded", "elapsed": 7.715250492095947}
{"timestamp": "2026-07-06T04:25:13.777671+00:00", "level": "INFO", "message": "Metadata written: BGA_Studio_Guidelines.meta.json", "title": "BGA Studio Guidelines", "canonical_url": "https://en.doc.boardgamearena.com/BGA_Studio_Guidelines", "depth": 1, "status": "metadata_written", "elapsed": 7.71556830406189}
{"timestamp": "2026-07-06T04:25:15.043946+00:00", "level": "INFO", "message": "Downloaded file: BGA Studio Migration Guide", "title": "BGA Studio Migration Guide", "canonical_url": "https://en.doc.boardgamearena.com/BGA_Studio_Migration_Guide", "depth": 1, "status": "downloaded", "elapsed": 8.981824398040771}
{"timestamp": "2026-07-06T04:25:15.044202+00:00", "level": "INFO", "message": "Metadata written: BGA_Studio_Migration_Guide.meta.json", "title": "BGA Studio Migration Guide", "canonical_url": "https://en.doc.boardgamearena.com/BGA_Studio_Migration_Guide", "depth": 1, "status": "metadata_written", "elapsed": 8.982099056243896}
{"timestamp": "2026-07-06T04:25:16.217160+00:00", "level": "INFO", "message": "Downloaded file: BGA Undo policy", "title": "BGA Undo policy", "canonical_url": "https://en.doc.boardgamearena.com/BGA_Undo_policy", "depth": 2, "status": "downloaded", "elapsed": 10.155041217803955}
{"timestamp": "2026-07-06T04:25:16.217410+00:00", "level": "INFO", "message": "Metadata written: BGA_Undo_policy.meta.json", "title": "BGA Undo policy", "canonical_url": "https://en.doc.boardgamearena.com/BGA_Undo_policy", "depth": 2, "status": "metadata_written", "elapsed": 10.155309438705444}
{"timestamp": "2026-07-06T04:25:17.403880+00:00", "level": "INFO", "message": "Downloaded file: BgaAnimations", "title": "BgaAnimations", "canonical_url": "https://en.doc.boardgamearena.com/BgaAnimations", "depth": 1, "status": "downloaded", "elapsed": 11.341763496398926}
{"timestamp": "2026-07-06T04:25:17.404120+00:00", "level": "INFO", "message": "Metadata written: BgaAnimations.meta.json", "title": "BgaAnimations", "canonical_url": "https://en.doc.boardgamearena.com/BgaAnimations", "depth": 1, "status": "metadata_written", "elapsed": 11.342013597488403}
{"timestamp": "2026-07-06T04:25:18.583441+00:00", "level": "INFO", "message": "Downloaded file: BgaAutofit", "title": "BgaAutofit", "canonical_url": "https://en.doc.boardgamearena.com/BgaAutofit", "depth": 1, "status": "downloaded", "elapsed": 12.521324157714844}
{"timestamp": "2026-07-06T04:25:18.583652+00:00", "level": "INFO", "message": "Metadata written: BgaAutofit.meta.json", "title": "BgaAutofit", "canonical_url": "https://en.doc.boardgamearena.com/BgaAutofit", "depth": 1, "status": "metadata_written", "elapsed": 12.52155590057373}
{"timestamp": "2026-07-06T04:25:19.747536+00:00", "level": "INFO", "message": "Downloaded file: BgaCards", "title": "BgaCards", "canonical_url": "https://en.doc.boardgamearena.com/BgaCards", "depth": 1, "status": "downloaded", "elapsed": 13.685410499572754}
{"timestamp": "2026-07-06T04:25:19.747792+00:00", "level": "INFO", "message": "Metadata written: BgaCards.meta.json", "title": "BgaCards", "canonical_url": "https://en.doc.boardgamearena.com/BgaCards", "depth": 1, "status": "metadata_written", "elapsed": 13.68569040298462}
{"timestamp": "2026-07-06T04:25:21.014294+00:00", "level": "INFO", "message": "Downloaded file: BgaDice", "title": "BgaDice", "canonical_url": "https://en.doc.boardgamearena.com/BgaDice", "depth": 1, "status": "downloaded", "elapsed": 14.952176332473755}
{"timestamp": "2026-07-06T04:25:21.014537+00:00", "level": "INFO", "message": "Metadata written: BgaDice.meta.json", "title": "BgaDice", "canonical_url": "https://en.doc.boardgamearena.com/BgaDice", "depth": 1, "status": "metadata_written", "elapsed": 14.952440023422241}
{"timestamp": "2026-07-06T04:25:22.226201+00:00", "level": "INFO", "message": "Downloaded file: BgaScoreSheet", "title": "BgaScoreSheet", "canonical_url": "https://en.doc.boardgamearena.com/BgaScoreSheet", "depth": 1, "status": "downloaded", "elapsed": 16.16407537460327}
{"timestamp": "2026-07-06T04:25:22.226518+00:00", "level": "INFO", "message": "Metadata written: BgaScoreSheet.meta.json", "title": "BgaScoreSheet", "canonical_url": "https://en.doc.boardgamearena.com/BgaScoreSheet", "depth": 1, "status": "metadata_written", "elapsed": 16.164414167404175}
{"timestamp": "2026-07-06T04:25:23.436242+00:00", "level": "INFO", "message": "Downloaded file: Bots and Artificial Intelligence", "title": "Bots and Artificial Intelligence", "canonical_url": "https://en.doc.boardgamearena.com/Bots_and_Artificial_Intelligence", "depth": 1, "status": "downloaded", "elapsed": 17.374119997024536}
{"timestamp": "2026-07-06T04:25:23.436492+00:00", "level": "INFO", "message": "Metadata written: Bots_and_Artificial_Intelligence.meta.json", "title": "Bots and Artificial Intelligence", "canonical_url": "https://en.doc.boardgamearena.com/Bots_and_Artificial_Intelligence", "depth": 1, "status": "metadata_written", "elapsed": 17.37439751625061}
{"timestamp": "2026-07-06T04:25:24.754042+00:00", "level": "INFO", "message": "Downloaded file: ChromeExtension", "title": "ChromeExtension", "canonical_url": "https://en.doc.boardgamearena.com/ChromeExtension", "depth": 2, "status": "downloaded", "elapsed": 18.691921949386597}
{"timestamp": "2026-07-06T04:25:24.754292+00:00", "level": "INFO", "message": "Metadata written: ChromeExtension.meta.json", "title": "ChromeExtension", "canonical_url": "https://en.doc.boardgamearena.com/ChromeExtension", "depth": 2, "status": "metadata_written", "elapsed": 18.69218945503235}
{"timestamp": "2026-07-06T04:25:25.808021+00:00", "level": "INFO", "message": "Downloaded file: Common board game elements image resources", "title": "Common board game elements image resources", "canonical_url": "https://en.doc.boardgamearena.com/Common_board_game_elements_image_resources", "depth": 1, "status": "downloaded", "elapsed": 19.745901823043823}
{"timestamp": "2026-07-06T04:25:25.808249+00:00", "level": "INFO", "message": "Metadata written: Common_board_game_elements_image_resources.meta.json", "title": "Common board game elements image resources", "canonical_url": "https://en.doc.boardgamearena.com/Common_board_game_elements_image_resources", "depth": 1, "status": "metadata_written", "elapsed": 19.74614453315735}
{"timestamp": "2026-07-06T04:25:27.018961+00:00", "level": "INFO", "message": "Downloaded file: Compatibility", "title": "Compatibility", "canonical_url": "https://en.doc.boardgamearena.com/Compatibility", "depth": 1, "status": "downloaded", "elapsed": 20.95684289932251}
{"timestamp": "2026-07-06T04:25:27.019177+00:00", "level": "INFO", "message": "Metadata written: Compatibility.meta.json", "title": "Compatibility", "canonical_url": "https://en.doc.boardgamearena.com/Compatibility", "depth": 1, "status": "metadata_written", "elapsed": 20.95708155632019}
{"timestamp": "2026-07-06T04:25:28.198256+00:00", "level": "INFO", "message": "Downloaded file: Contact BGA Studio", "title": "Contact BGA Studio", "canonical_url": "https://en.doc.boardgamearena.com/Contact_BGA_Studio", "depth": 1, "status": "downloaded", "elapsed": 22.13614058494568}
{"timestamp": "2026-07-06T04:25:28.198763+00:00", "level": "INFO", "message": "Metadata written: Contact_BGA_Studio.meta.json", "title": "Contact BGA Studio", "canonical_url": "https://en.doc.boardgamearena.com/Contact_BGA_Studio", "depth": 1, "status": "metadata_written", "elapsed": 22.136667013168335}
{"timestamp": "2026-07-06T04:25:29.153696+00:00", "level": "INFO", "message": "Downloaded file: Counter", "title": "Counter", "canonical_url": "https://en.doc.boardgamearena.com/Counter", "depth": 1, "status": "downloaded", "elapsed": 23.091578722000122}
{"timestamp": "2026-07-06T04:25:29.153903+00:00", "level": "INFO", "message": "Metadata written: Counter.meta.json", "title": "Counter", "canonical_url": "https://en.doc.boardgamearena.com/Counter", "depth": 1, "status": "metadata_written", "elapsed": 23.0918071269989}
{"timestamp": "2026-07-06T04:25:30.522557+00:00", "level": "INFO", "message": "Downloaded file: Create a game in BGA Studio: Complete Walkthrough", "title": "Create a game in BGA Studio: Complete Walkthrough", "canonical_url": "https://en.doc.boardgamearena.com/Create_a_game_in_BGA_Studio:_Complete_Walkthrough", "depth": 1, "status": "downloaded", "elapsed": 24.4604389667511}
{"timestamp": "2026-07-06T04:25:30.522799+00:00", "level": "INFO", "message": "Metadata written: Create_a_game_in_BGA_Studio_Complete_Walkthrough.meta.json", "title": "Create a game in BGA Studio: Complete Walkthrough", "canonical_url": "https://en.doc.boardgamearena.com/Create_a_game_in_BGA_Studio:_Complete_Walkthrough", "depth": 1, "status": "metadata_written", "elapsed": 24.46069598197937}
{"timestamp": "2026-07-06T04:25:31.832893+00:00", "level": "INFO", "message": "Downloaded file: Deck", "title": "Deck", "canonical_url": "https://en.doc.boardgamearena.com/Deck", "depth": 1, "status": "downloaded", "elapsed": 25.770776748657227}
{"timestamp": "2026-07-06T04:25:31.833111+00:00", "level": "INFO", "message": "Metadata written: Deck.meta.json", "title": "Deck", "canonical_url": "https://en.doc.boardgamearena.com/Deck", "depth": 1, "status": "metadata_written", "elapsed": 25.771013736724854}
{"timestamp": "2026-07-06T04:25:32.882143+00:00", "level": "INFO", "message": "Downloaded file: Draggable", "title": "Draggable", "canonical_url": "https://en.doc.boardgamearena.com/Draggable", "depth": 1, "status": "downloaded", "elapsed": 26.82002902030945}
{"timestamp": "2026-07-06T04:25:32.882352+00:00", "level": "INFO", "message": "Metadata written: Draggable.meta.json", "title": "Draggable", "canonical_url": "https://en.doc.boardgamearena.com/Draggable", "depth": 1, "status": "metadata_written", "elapsed": 26.820251941680908}
{"timestamp": "2026-07-06T04:25:34.060126+00:00", "level": "INFO", "message": "Downloaded file: ExpandableSection", "title": "ExpandableSection", "canonical_url": "https://en.doc.boardgamearena.com/ExpandableSection", "depth": 1, "status": "downloaded", "elapsed": 27.998011589050293}
{"timestamp": "2026-07-06T04:25:34.060389+00:00", "level": "INFO", "message": "Metadata written: ExpandableSection.meta.json", "title": "ExpandableSection", "canonical_url": "https://en.doc.boardgamearena.com/ExpandableSection", "depth": 1, "status": "metadata_written", "elapsed": 27.998289585113525}
{"timestamp": "2026-07-06T04:25:35.202321+00:00", "level": "INFO", "message": "Downloaded file: First steps with BGA Studio", "title": "First steps with BGA Studio", "canonical_url": "https://en.doc.boardgamearena.com/First_steps_with_BGA_Studio", "depth": 1, "status": "downloaded", "elapsed": 29.140209436416626}
{"timestamp": "2026-07-06T04:25:35.202515+00:00", "level": "INFO", "message": "Metadata written: First_steps_with_BGA_Studio.meta.json", "title": "First steps with BGA Studio", "canonical_url": "https://en.doc.boardgamearena.com/First_steps_with_BGA_Studio", "depth": 1, "status": "metadata_written", "elapsed": 29.140414476394653}
{"timestamp": "2026-07-06T04:25:36.320967+00:00", "level": "INFO", "message": "Downloaded file: Game art: img directory", "title": "Game art: img directory", "canonical_url": "https://en.doc.boardgamearena.com/Game_art:_img_directory", "depth": 1, "status": "downloaded", "elapsed": 30.25884509086609}
{"timestamp": "2026-07-06T04:25:36.321242+00:00", "level": "INFO", "message": "Metadata written: Game_art_img_directory.meta.json", "title": "Game art: img directory", "canonical_url": "https://en.doc.boardgamearena.com/Game_art:_img_directory", "depth": 1, "status": "metadata_written", "elapsed": 30.259140968322754}
{"timestamp": "2026-07-06T04:25:37.477596+00:00", "level": "INFO", "message": "Downloaded file: Game database model: dbmodel.sql", "title": "Game database model: dbmodel.sql", "canonical_url": "https://en.doc.boardgamearena.com/Game_database_model:_dbmodel.sql", "depth": 1, "status": "downloaded", "elapsed": 31.415480613708496}
{"timestamp": "2026-07-06T04:25:37.477851+00:00", "level": "INFO", "message": "Metadata written: Game_database_model_dbmodel.sql.meta.json", "title": "Game database model: dbmodel.sql", "canonical_url": "https://en.doc.boardgamearena.com/Game_database_model:_dbmodel.sql", "depth": 1, "status": "metadata_written", "elapsed": 31.41575026512146}
{"timestamp": "2026-07-06T04:25:38.576898+00:00", "level": "INFO", "message": "Downloaded file: Game fonts: fonts directory", "title": "Game fonts: fonts directory", "canonical_url": "https://en.doc.boardgamearena.com/Game_fonts:_fonts_directory", "depth": 1, "status": "downloaded", "elapsed": 32.51478552818298}
{"timestamp": "2026-07-06T04:25:38.577089+00:00", "level": "INFO", "message": "Metadata written: Game_fonts_fonts_directory.meta.json", "title": "Game fonts: fonts directory", "canonical_url": "https://en.doc.boardgamearena.com/Game_fonts:_fonts_directory", "depth": 1, "status": "metadata_written", "elapsed": 32.514991998672485}
{"timestamp": "2026-07-06T04:25:40.206300+00:00", "level": "INFO", "message": "Downloaded file: Game interface logic: Game.js", "title": "Game interface logic: Game.js", "canonical_url": "https://en.doc.boardgamearena.com/Game_interface_logic:_Game.js", "depth": 1, "status": "downloaded", "elapsed": 34.14418435096741}
{"timestamp": "2026-07-06T04:25:40.206553+00:00", "level": "INFO", "message": "Metadata written: Game_interface_logic_Game.js.meta.json", "title": "Game interface logic: Game.js", "canonical_url": "https://en.doc.boardgamearena.com/Game_interface_logic:_Game.js", "depth": 1, "status": "metadata_written", "elapsed": 34.144448041915894}
{"timestamp": "2026-07-06T04:25:40.207705+00:00", "level": "INFO", "message": "Skipped existing file: Game interface logic: Game.js", "title": "Game interface logic: Game.js", "canonical_url": "https://en.doc.boardgamearena.com/Game_interface_logic:_yourgamename.js", "depth": 1, "status": "skipped", "elapsed": 34.144654989242554}
{"timestamp": "2026-07-06T04:25:41.348167+00:00", "level": "INFO", "message": "Downloaded file: Game interface stylesheet: yourgamename.css", "title": "Game interface stylesheet: yourgamename.css", "canonical_url": "https://en.doc.boardgamearena.com/Game_interface_stylesheet:_yourgamename.css", "depth": 1, "status": "downloaded", "elapsed": 35.28604865074158}
{"timestamp": "2026-07-06T04:25:41.348399+00:00", "level": "INFO", "message": "Metadata written: Game_interface_stylesheet_yourgamename.css.meta.json", "title": "Game interface stylesheet: yourgamename.css", "canonical_url": "https://en.doc.boardgamearena.com/Game_interface_stylesheet:_yourgamename.css", "depth": 1, "status": "metadata_written", "elapsed": 35.286298751831055}
{"timestamp": "2026-07-06T04:25:42.543178+00:00", "level": "INFO", "message": "Downloaded file: Game layout: view and template: yourgamename.view.php and yourgamename yourgamename.tpl", "title": "Game layout: view and template: yourgamename.view.php and yourgamename yourgamename.tpl", "canonical_url": "https://en.doc.boardgamearena.com/Game_layout:_view_and_template:_yourgamename.view.php_and_yourgamename_yourgamename.tpl", "depth": 1, "status": "downloaded", "elapsed": 36.48106503486633}
{"timestamp": "2026-07-06T04:25:42.543381+00:00", "level": "INFO", "message": "Metadata written: Game_layout_view_and_template_yourgamename.view.php_and_yourgamename_yourgamename.tpl.meta.json", "title": "Game layout: view and template: yourgamename.view.php and yourgamename yourgamename.tpl", "canonical_url": "https://en.doc.boardgamearena.com/Game_layout:_view_and_template:_yourgamename.view.php_and_yourgamename_yourgamename.tpl", "depth": 1, "status": "metadata_written", "elapsed": 36.48127794265747}
{"timestamp": "2026-07-06T04:25:43.704786+00:00", "level": "INFO", "message": "Downloaded file: Game material description: material.inc.php", "title": "Game material description: material.inc.php", "canonical_url": "https://en.doc.boardgamearena.com/Game_material_description:_material.inc.php", "depth": 1, "status": "downloaded", "elapsed": 37.64266753196716}
{"timestamp": "2026-07-06T04:25:43.705062+00:00", "level": "INFO", "message": "Metadata written: Game_material_description_material.inc.php.meta.json", "title": "Game material description: material.inc.php", "canonical_url": "https://en.doc.boardgamearena.com/Game_material_description:_material.inc.php", "depth": 1, "status": "metadata_written", "elapsed": 37.642961502075195}
{"timestamp": "2026-07-06T04:25:44.947950+00:00", "level": "INFO", "message": "Downloaded file: Game meta-information: gameinfos.jsonc", "title": "Game meta-information: gameinfos.jsonc", "canonical_url": "https://en.doc.boardgamearena.com/Game_meta-information:_gameinfos.jsonc", "depth": 1, "status": "downloaded", "elapsed": 38.885831356048584}
{"timestamp": "2026-07-06T04:25:44.948205+00:00", "level": "INFO", "message": "Metadata written: Game_meta-information_gameinfos.jsonc.meta.json", "title": "Game meta-information: gameinfos.jsonc", "canonical_url": "https://en.doc.boardgamearena.com/Game_meta-information:_gameinfos.jsonc", "depth": 1, "status": "metadata_written", "elapsed": 38.88610482215881}
{"timestamp": "2026-07-06T04:25:46.197979+00:00", "level": "INFO", "message": "Downloaded file: Game metadata manager", "title": "Game metadata manager", "canonical_url": "https://en.doc.boardgamearena.com/Game_metadata_manager", "depth": 1, "status": "downloaded", "elapsed": 40.135865688323975}
{"timestamp": "2026-07-06T04:25:46.198223+00:00", "level": "INFO", "message": "Metadata written: Game_metadata_manager.meta.json", "title": "Game metadata manager", "canonical_url": "https://en.doc.boardgamearena.com/Game_metadata_manager", "depth": 1, "status": "metadata_written", "elapsed": 40.13612246513367}
{"timestamp": "2026-07-06T04:25:47.491455+00:00", "level": "INFO", "message": "Downloaded file: Game replay", "title": "Game replay", "canonical_url": "https://en.doc.boardgamearena.com/Game_replay", "depth": 1, "status": "downloaded", "elapsed": 41.4293417930603}
{"timestamp": "2026-07-06T04:25:47.491635+00:00", "level": "INFO", "message": "Metadata written: Game_replay.meta.json", "title": "Game replay", "canonical_url": "https://en.doc.boardgamearena.com/Game_replay", "depth": 1, "status": "metadata_written", "elapsed": 41.429537296295166}
{"timestamp": "2026-07-06T04:25:48.794770+00:00", "level": "INFO", "message": "Downloaded file: Game sounds: sounds directory", "title": "Game sounds: sounds directory", "canonical_url": "https://en.doc.boardgamearena.com/Game_sounds:_sounds_directory", "depth": 1, "status": "downloaded", "elapsed": 42.73265504837036}
{"timestamp": "2026-07-06T04:25:48.794981+00:00", "level": "INFO", "message": "Metadata written: Game_sounds_sounds_directory.meta.json", "title": "Game sounds: sounds directory", "canonical_url": "https://en.doc.boardgamearena.com/Game_sounds:_sounds_directory", "depth": 1, "status": "metadata_written", "elapsed": 42.732877254486084}
{"timestamp": "2026-07-06T04:25:50.019160+00:00", "level": "INFO", "message": "Downloaded file: Game statistics: stats.json", "title": "Game statistics: stats.json", "canonical_url": "https://en.doc.boardgamearena.com/Game_statistics:_stats.json", "depth": 1, "status": "downloaded", "elapsed": 43.95704746246338}
{"timestamp": "2026-07-06T04:25:50.019402+00:00", "level": "INFO", "message": "Metadata written: Game_statistics_stats.json.meta.json", "title": "Game statistics: stats.json", "canonical_url": "https://en.doc.boardgamearena.com/Game_statistics:_stats.json", "depth": 1, "status": "metadata_written", "elapsed": 43.95730209350586}
{"timestamp": "2026-07-06T04:25:50.020337+00:00", "level": "INFO", "message": "Skipped existing file: Game statistics: stats.json", "title": "Game statistics: stats.json", "canonical_url": "https://en.doc.boardgamearena.com/Game_statistics:_stats.inc.php", "depth": 1, "status": "skipped", "elapsed": 43.95759296417236}
{"timestamp": "2026-07-06T04:25:51.287060+00:00", "level": "INFO", "message": "Downloaded file: How to join BGA developer team?", "title": "How to join BGA developer team?", "canonical_url": "https://en.doc.boardgamearena.com/How_to_join_BGA_developer_team%3F", "depth": 1, "status": "downloaded", "elapsed": 45.22494673728943}
{"timestamp": "2026-07-06T04:25:51.287298+00:00", "level": "INFO", "message": "Metadata written: How_to_join_BGA_developer_team.meta.json", "title": "How to join BGA developer team?", "canonical_url": "https://en.doc.boardgamearena.com/How_to_join_BGA_developer_team%3F", "depth": 1, "status": "metadata_written", "elapsed": 45.22520089149475}
{"timestamp": "2026-07-06T04:25:52.333202+00:00", "level": "INFO", "message": "Downloaded file: I wish I knew this when I started", "title": "I wish I knew this when I started", "canonical_url": "https://en.doc.boardgamearena.com/I_wish_I_knew_this_when_I_started", "depth": 1, "status": "downloaded", "elapsed": 46.2710907459259}
{"timestamp": "2026-07-06T04:25:52.333383+00:00", "level": "INFO", "message": "Metadata written: I_wish_I_knew_this_when_I_started.meta.json", "title": "I wish I knew this when I started", "canonical_url": "https://en.doc.boardgamearena.com/I_wish_I_knew_this_when_I_started", "depth": 1, "status": "metadata_written", "elapsed": 46.27128553390503}
{"timestamp": "2026-07-06T04:25:53.819072+00:00", "level": "INFO", "message": "Downloaded file: Main game logic: Game.php", "title": "Main game logic: Game.php", "canonical_url": "https://en.doc.boardgamearena.com/Main_game_logic:_Game.php", "depth": 1, "status": "downloaded", "elapsed": 47.756959676742554}
{"timestamp": "2026-07-06T04:25:53.819294+00:00", "level": "INFO", "message": "Metadata written: Main_game_logic_Game.php.meta.json", "title": "Main game logic: Game.php", "canonical_url": "https://en.doc.boardgamearena.com/Main_game_logic:_Game.php", "depth": 1, "status": "metadata_written", "elapsed": 47.75719380378723}
{"timestamp": "2026-07-06T04:25:53.821186+00:00", "level": "INFO", "message": "Skipped existing file: Main game logic: Game.php", "title": "Main game logic: Game.php", "canonical_url": "https://en.doc.boardgamearena.com/Main_game_logic:_yourgamename.game.php", "depth": 1, "status": "skipped", "elapsed": 47.75748252868652}
{"timestamp": "2026-07-06T04:25:55.288124+00:00", "level": "INFO", "message": "Downloaded file: Options and preferences: gameoptions.json, gamepreferences.json", "title": "Options and preferences: gameoptions.json, gamepreferences.json", "canonical_url": "https://en.doc.boardgamearena.com/Options_and_preferences:_gameoptions.json%2C_gamepreferences.json", "depth": 1, "status": "downloaded", "elapsed": 49.226011514663696}
{"timestamp": "2026-07-06T04:25:55.288368+00:00", "level": "INFO", "message": "Metadata written: Options_and_preferences_gameoptions.json,_gamepreferences.json.meta.json", "title": "Options and preferences: gameoptions.json, gamepreferences.json", "canonical_url": "https://en.doc.boardgamearena.com/Options_and_preferences:_gameoptions.json%2C_gamepreferences.json", "depth": 1, "status": "metadata_written", "elapsed": 49.22627067565918}
{"timestamp": "2026-07-06T04:25:55.289748+00:00", "level": "INFO", "message": "Skipped existing file: Options and preferences: gameoptions.json, gamepreferences.json", "title": "Options and preferences: gameoptions.json, gamepreferences.json", "canonical_url": "https://en.doc.boardgamearena.com/Game_options_and_preferences:_gameoptions.inc.php", "depth": 2, "status": "skipped", "elapsed": 49.226510763168335}
{"timestamp": "2026-07-06T04:25:56.419698+00:00", "level": "INFO", "message": "Downloaded file: PlayerCounter and TableCounter", "title": "PlayerCounter and TableCounter", "canonical_url": "https://en.doc.boardgamearena.com/PlayerCounter_and_TableCounter", "depth": 1, "status": "downloaded", "elapsed": 50.35758328437805}
{"timestamp": "2026-07-06T04:25:56.419960+00:00", "level": "INFO", "message": "Metadata written: PlayerCounter_and_TableCounter.meta.json", "title": "PlayerCounter and TableCounter", "canonical_url": "https://en.doc.boardgamearena.com/PlayerCounter_and_TableCounter", "depth": 1, "status": "metadata_written", "elapsed": 50.35785961151123}
{"timestamp": "2026-07-06T04:25:57.571704+00:00", "level": "INFO", "message": "Downloaded file: Players actions: yourgamename.action.php", "title": "Players actions: yourgamename.action.php", "canonical_url": "https://en.doc.boardgamearena.com/Players_actions:_yourgamename.action.php", "depth": 1, "status": "downloaded", "elapsed": 51.50959038734436}
{"timestamp": "2026-07-06T04:25:57.571915+00:00", "level": "INFO", "message": "Metadata written: Players_actions_yourgamename.action.php.meta.json", "title": "Players actions: yourgamename.action.php", "canonical_url": "https://en.doc.boardgamearena.com/Players_actions:_yourgamename.action.php", "depth": 1, "status": "metadata_written", "elapsed": 51.50981378555298}
{"timestamp": "2026-07-06T04:25:58.733424+00:00", "level": "INFO", "message": "Downloaded file: Post-release phase", "title": "Post-release phase", "canonical_url": "https://en.doc.boardgamearena.com/Post-release_phase", "depth": 1, "status": "downloaded", "elapsed": 52.67130732536316}
{"timestamp": "2026-07-06T04:25:58.733672+00:00", "level": "INFO", "message": "Metadata written: Post-release_phase.meta.json", "title": "Post-release phase", "canonical_url": "https://en.doc.boardgamearena.com/Post-release_phase", "depth": 1, "status": "metadata_written", "elapsed": 52.67157220840454}
{"timestamp": "2026-07-06T04:26:00.060242+00:00", "level": "INFO", "message": "Downloaded file: Practical debugging", "title": "Practical debugging", "canonical_url": "https://en.doc.boardgamearena.com/Practical_debugging", "depth": 1, "status": "downloaded", "elapsed": 53.99812889099121}
{"timestamp": "2026-07-06T04:26:00.060436+00:00", "level": "INFO", "message": "Metadata written: Practical_debugging.meta.json", "title": "Practical debugging", "canonical_url": "https://en.doc.boardgamearena.com/Practical_debugging", "depth": 1, "status": "metadata_written", "elapsed": 53.99833536148071}
{"timestamp": "2026-07-06T04:26:01.198370+00:00", "level": "INFO", "message": "Downloaded file: Pre-release checklist", "title": "Pre-release checklist", "canonical_url": "https://en.doc.boardgamearena.com/Pre-release_checklist", "depth": 1, "status": "downloaded", "elapsed": 55.136255741119385}
{"timestamp": "2026-07-06T04:26:01.198589+00:00", "level": "INFO", "message": "Metadata written: Pre-release_checklist.meta.json", "title": "Pre-release checklist", "canonical_url": "https://en.doc.boardgamearena.com/Pre-release_checklist", "depth": 1, "status": "metadata_written", "elapsed": 55.13648247718811}
{"timestamp": "2026-07-06T04:26:02.355695+00:00", "level": "INFO", "message": "Downloaded file: Scrollmap", "title": "Scrollmap", "canonical_url": "https://en.doc.boardgamearena.com/Scrollmap", "depth": 1, "status": "downloaded", "elapsed": 56.2935733795166}
{"timestamp": "2026-07-06T04:26:02.355954+00:00", "level": "INFO", "message": "Metadata written: Scrollmap.meta.json", "title": "Scrollmap", "canonical_url": "https://en.doc.boardgamearena.com/Scrollmap", "depth": 1, "status": "metadata_written", "elapsed": 56.29384756088257}
{"timestamp": "2026-07-06T04:26:03.532251+00:00", "level": "INFO", "message": "Downloaded file: Setting up BGA Development environment using VSCode", "title": "Setting up BGA Development environment using VSCode", "canonical_url": "https://en.doc.boardgamearena.com/Setting_up_BGA_Development_environment_using_VSCode", "depth": 1, "status": "downloaded", "elapsed": 57.47013831138611}
{"timestamp": "2026-07-06T04:26:03.532448+00:00", "level": "INFO", "message": "Metadata written: Setting_up_BGA_Development_environment_using_VSCode.meta.json", "title": "Setting up BGA Development environment using VSCode", "canonical_url": "https://en.doc.boardgamearena.com/Setting_up_BGA_Development_environment_using_VSCode", "depth": 1, "status": "metadata_written", "elapsed": 57.47035050392151}
{"timestamp": "2026-07-06T04:26:04.928360+00:00", "level": "INFO", "message": "Downloaded file: State classes: State directory", "title": "State classes: State directory", "canonical_url": "https://en.doc.boardgamearena.com/State_classes:_State_directory", "depth": 1, "status": "downloaded", "elapsed": 58.86619448661804}
{"timestamp": "2026-07-06T04:26:04.928685+00:00", "level": "INFO", "message": "Metadata written: State_classes_State_directory.meta.json", "title": "State classes: State directory", "canonical_url": "https://en.doc.boardgamearena.com/State_classes:_State_directory", "depth": 1, "status": "metadata_written", "elapsed": 58.86659002304077}
{"timestamp": "2026-07-06T04:26:06.239546+00:00", "level": "INFO", "message": "Downloaded file: Stock", "title": "Stock", "canonical_url": "https://en.doc.boardgamearena.com/Stock", "depth": 1, "status": "downloaded", "elapsed": 60.17743182182312}
{"timestamp": "2026-07-06T04:26:06.239749+00:00", "level": "INFO", "message": "Metadata written: Stock.meta.json", "title": "Stock", "canonical_url": "https://en.doc.boardgamearena.com/Stock", "depth": 1, "status": "metadata_written", "elapsed": 60.17765474319458}
{"timestamp": "2026-07-06T04:26:07.385437+00:00", "level": "INFO", "message": "Downloaded file: Studio", "title": "Studio", "canonical_url": "https://en.doc.boardgamearena.com/Studio", "depth": 0, "status": "downloaded", "elapsed": 61.32332468032837}
{"timestamp": "2026-07-06T04:26:07.385674+00:00", "level": "INFO", "message": "Metadata written: Studio.meta.json", "title": "Studio", "canonical_url": "https://en.doc.boardgamearena.com/Studio", "depth": 0, "status": "metadata_written", "elapsed": 61.32357358932495}
{"timestamp": "2026-07-06T04:26:08.543215+00:00", "level": "INFO", "message": "Downloaded file: Studio FAQ", "title": "Studio FAQ", "canonical_url": "https://en.doc.boardgamearena.com/Studio_FAQ", "depth": 1, "status": "downloaded", "elapsed": 62.48110318183899}
{"timestamp": "2026-07-06T04:26:08.543395+00:00", "level": "INFO", "message": "Metadata written: Studio_FAQ.meta.json", "title": "Studio FAQ", "canonical_url": "https://en.doc.boardgamearena.com/Studio_FAQ", "depth": 1, "status": "metadata_written", "elapsed": 62.481297731399536}
{"timestamp": "2026-07-06T04:26:09.611871+00:00", "level": "INFO", "message": "Downloaded file: Studio file reference", "title": "Studio file reference", "canonical_url": "https://en.doc.boardgamearena.com/Studio_file_reference", "depth": 1, "status": "downloaded", "elapsed": 63.54975628852844}
{"timestamp": "2026-07-06T04:26:09.612086+00:00", "level": "INFO", "message": "Metadata written: Studio_file_reference.meta.json", "title": "Studio file reference", "canonical_url": "https://en.doc.boardgamearena.com/Studio_file_reference", "depth": 1, "status": "metadata_written", "elapsed": 63.54998588562012}
{"timestamp": "2026-07-06T04:26:10.912822+00:00", "level": "INFO", "message": "Downloaded file: Studio logs", "title": "Studio logs", "canonical_url": "https://en.doc.boardgamearena.com/Studio_logs", "depth": 1, "status": "downloaded", "elapsed": 64.85070657730103}
{"timestamp": "2026-07-06T04:26:10.913051+00:00", "level": "INFO", "message": "Metadata written: Studio_logs.meta.json", "title": "Studio logs", "canonical_url": "https://en.doc.boardgamearena.com/Studio_logs", "depth": 1, "status": "metadata_written", "elapsed": 64.85095143318176}
{"timestamp": "2026-07-06T04:26:10.913792+00:00", "level": "INFO", "message": "Skipped existing file: Studio logs", "title": "Studio logs", "canonical_url": "https://en.doc.boardgamearena.com/Production_issues_reporting", "depth": 1, "status": "skipped", "elapsed": 64.85115146636963}
{"timestamp": "2026-07-06T04:26:12.031220+00:00", "level": "INFO", "message": "Downloaded file: Testing by developer", "title": "Testing by developer", "canonical_url": "https://en.doc.boardgamearena.com/Testing_by_developer", "depth": 1, "status": "downloaded", "elapsed": 65.9691014289856}
{"timestamp": "2026-07-06T04:26:12.031451+00:00", "level": "INFO", "message": "Metadata written: Testing_by_developer.meta.json", "title": "Testing by developer", "canonical_url": "https://en.doc.boardgamearena.com/Testing_by_developer", "depth": 1, "status": "metadata_written", "elapsed": 65.96935105323792}
{"timestamp": "2026-07-06T04:26:13.420579+00:00", "level": "INFO", "message": "Downloaded file: Tools and tips of BGA Studio", "title": "Tools and tips of BGA Studio", "canonical_url": "https://en.doc.boardgamearena.com/Tools_and_tips_of_BGA_Studio", "depth": 1, "status": "downloaded", "elapsed": 67.35846042633057}
{"timestamp": "2026-07-06T04:26:13.420808+00:00", "level": "INFO", "message": "Metadata written: Tools_and_tips_of_BGA_Studio.meta.json", "title": "Tools and tips of BGA Studio", "canonical_url": "https://en.doc.boardgamearena.com/Tools_and_tips_of_BGA_Studio", "depth": 1, "status": "metadata_written", "elapsed": 67.35870814323425}
{"timestamp": "2026-07-06T04:26:14.712745+00:00", "level": "INFO", "message": "Downloaded file: Translations", "title": "Translations", "canonical_url": "https://en.doc.boardgamearena.com/Translations", "depth": 1, "status": "downloaded", "elapsed": 68.65063452720642}
{"timestamp": "2026-07-06T04:26:14.712964+00:00", "level": "INFO", "message": "Metadata written: Translations.meta.json", "title": "Translations", "canonical_url": "https://en.doc.boardgamearena.com/Translations", "depth": 1, "status": "metadata_written", "elapsed": 68.65086388587952}
{"timestamp": "2026-07-06T04:26:16.138836+00:00", "level": "INFO", "message": "Downloaded file: Troubleshooting", "title": "Troubleshooting", "canonical_url": "https://en.doc.boardgamearena.com/Troubleshooting", "depth": 1, "status": "downloaded", "elapsed": 70.0767195224762}
{"timestamp": "2026-07-06T04:26:16.139054+00:00", "level": "INFO", "message": "Metadata written: Troubleshooting.meta.json", "title": "Troubleshooting", "canonical_url": "https://en.doc.boardgamearena.com/Troubleshooting", "depth": 1, "status": "metadata_written", "elapsed": 70.0769510269165}
{"timestamp": "2026-07-06T04:26:17.680962+00:00", "level": "INFO", "message": "Downloaded file: Tutorial hearts", "title": "Tutorial hearts", "canonical_url": "https://en.doc.boardgamearena.com/Tutorial_hearts", "depth": 1, "status": "downloaded", "elapsed": 71.6188485622406}
{"timestamp": "2026-07-06T04:26:17.681209+00:00", "level": "INFO", "message": "Metadata written: Tutorial_hearts.meta.json", "title": "Tutorial hearts", "canonical_url": "https://en.doc.boardgamearena.com/Tutorial_hearts", "depth": 1, "status": "metadata_written", "elapsed": 71.61910963058472}
{"timestamp": "2026-07-06T04:26:18.993261+00:00", "level": "INFO", "message": "Downloaded file: Tutorial reversi", "title": "Tutorial reversi", "canonical_url": "https://en.doc.boardgamearena.com/Tutorial_reversi", "depth": 1, "status": "downloaded", "elapsed": 72.93114638328552}
{"timestamp": "2026-07-06T04:26:18.993512+00:00", "level": "INFO", "message": "Metadata written: Tutorial_reversi.meta.json", "title": "Tutorial reversi", "canonical_url": "https://en.doc.boardgamearena.com/Tutorial_reversi", "depth": 1, "status": "metadata_written", "elapsed": 72.93141508102417}
{"timestamp": "2026-07-06T04:26:20.270797+00:00", "level": "INFO", "message": "Downloaded file: Tutorials checklist", "title": "Tutorials checklist", "canonical_url": "https://en.doc.boardgamearena.com/Tutorials_checklist", "depth": 1, "status": "downloaded", "elapsed": 74.20868039131165}
{"timestamp": "2026-07-06T04:26:20.271008+00:00", "level": "INFO", "message": "Metadata written: Tutorials_checklist.meta.json", "title": "Tutorials checklist", "canonical_url": "https://en.doc.boardgamearena.com/Tutorials_checklist", "depth": 1, "status": "metadata_written", "elapsed": 74.20890760421753}
{"timestamp": "2026-07-06T04:26:21.199430+00:00", "level": "INFO", "message": "Downloaded file: Using AI for BGA game development", "title": "Using AI for BGA game development", "canonical_url": "https://en.doc.boardgamearena.com/Using_AI_for_BGA_game_development", "depth": 1, "status": "downloaded", "elapsed": 75.13724732398987}
{"timestamp": "2026-07-06T04:26:21.199670+00:00", "level": "INFO", "message": "Metadata written: Using_AI_for_BGA_game_development.meta.json", "title": "Using AI for BGA game development", "canonical_url": "https://en.doc.boardgamearena.com/Using_AI_for_BGA_game_development", "depth": 1, "status": "metadata_written", "elapsed": 75.13756966590881}
{"timestamp": "2026-07-06T04:26:22.414943+00:00", "level": "INFO", "message": "Downloaded file: Using Typescript and Scss", "title": "Using Typescript and Scss", "canonical_url": "https://en.doc.boardgamearena.com/Using_Typescript_and_Scss", "depth": 1, "status": "downloaded", "elapsed": 76.35282588005066}
{"timestamp": "2026-07-06T04:26:22.415136+00:00", "level": "INFO", "message": "Metadata written: Using_Typescript_and_Scss.meta.json", "title": "Using Typescript and Scss", "canonical_url": "https://en.doc.boardgamearena.com/Using_Typescript_and_Scss", "depth": 1, "status": "metadata_written", "elapsed": 76.35303568840027}
{"timestamp": "2026-07-06T04:26:23.462767+00:00", "level": "INFO", "message": "Downloaded file: Using Vue", "title": "Using Vue", "canonical_url": "https://en.doc.boardgamearena.com/Using_Vue", "depth": 1, "status": "downloaded", "elapsed": 77.40065288543701}
{"timestamp": "2026-07-06T04:26:23.462995+00:00", "level": "INFO", "message": "Metadata written: Using_Vue.meta.json", "title": "Using Vue", "canonical_url": "https://en.doc.boardgamearena.com/Using_Vue", "depth": 1, "status": "metadata_written", "elapsed": 77.4008948802948}
{"timestamp": "2026-07-06T04:26:24.585876+00:00", "level": "INFO", "message": "Downloaded file: Your game mobile version", "title": "Your game mobile version", "canonical_url": "https://en.doc.boardgamearena.com/Your_game_mobile_version", "depth": 1, "status": "downloaded", "elapsed": 78.52375888824463}
{"timestamp": "2026-07-06T04:26:24.586109+00:00", "level": "INFO", "message": "Metadata written: Your_game_mobile_version.meta.json", "title": "Your game mobile version", "canonical_url": "https://en.doc.boardgamearena.com/Your_game_mobile_version", "depth": 1, "status": "metadata_written", "elapsed": 78.52400922775269}
{"timestamp": "2026-07-06T04:26:26.051832+00:00", "level": "INFO", "message": "Downloaded file: Your game state machine: states.inc.php", "title": "Your game state machine: states.inc.php", "canonical_url": "https://en.doc.boardgamearena.com/Your_game_state_machine:_states.inc.php", "depth": 1, "status": "downloaded", "elapsed": 79.98971939086914}
{"timestamp": "2026-07-06T04:26:26.052021+00:00", "level": "INFO", "message": "Metadata written: Your_game_state_machine_states.inc.php.meta.json", "title": "Your game state machine: states.inc.php", "canonical_url": "https://en.doc.boardgamearena.com/Your_game_state_machine:_states.inc.php", "depth": 1, "status": "metadata_written", "elapsed": 79.98992323875427}
{"timestamp": "2026-07-06T04:26:27.524399+00:00", "level": "INFO", "message": "Downloaded file: Zombie Mode", "title": "Zombie Mode", "canonical_url": "https://en.doc.boardgamearena.com/Zombie_Mode", "depth": 2, "status": "downloaded", "elapsed": 81.46228790283203}
{"timestamp": "2026-07-06T04:26:27.524570+00:00", "level": "INFO", "message": "Metadata written: Zombie_Mode.meta.json", "title": "Zombie Mode", "canonical_url": "https://en.doc.boardgamearena.com/Zombie_Mode", "depth": 2, "status": "metadata_written", "elapsed": 81.46247601509094}
{"timestamp": "2026-07-06T04:26:28.691584+00:00", "level": "INFO", "message": "Downloaded file: Zone", "title": "Zone", "canonical_url": "https://en.doc.boardgamearena.com/Zone", "depth": 1, "status": "downloaded", "elapsed": 82.62947010993958}
{"timestamp": "2026-07-06T04:26:28.691836+00:00", "level": "INFO", "message": "Metadata written: Zone.meta.json", "title": "Zone", "canonical_url": "https://en.doc.boardgamearena.com/Zone", "depth": 1, "status": "metadata_written", "elapsed": 82.62973594665527}
